This file contains any messages produced by compilers while
running configure, to aid debugging if configure makes a mistake.

It was created by libsodium configure 1.0.10, which was
generated by GNU Autoconf 2.69.  Invocation command line was

  $ ./configure 

## --------- ##
## Platform. ##
## --------- ##

hostname = para27
uname -m = x86_64
uname -r = 2.6.32-358.6.1.el6.x86_64
uname -s = Linux
uname -v = #1 SMP Tue Apr 23 19:29:00 UTC 2013

/usr/bin/uname -p = unknown
/bin/uname -X     = unknown

/bin/arch              = x86_64
/usr/bin/arch -k       = unknown
/usr/convex/getsysinfo = unknown
/usr/bin/hostinfo      = unknown
/bin/machine           = unknown
/usr/bin/oslevel       = unknown
/bin/universe          = unknown

PATH: /usr/local/sbin
PATH: /usr/local/bin
PATH: /sbin
PATH: /bin
PATH: /usr/sbin
PATH: /usr/bin
PATH: /root/bin


## ----------- ##
## Core tests. ##
## ----------- ##

configure:2346: checking build system type
configure:2360: result: x86_64-unknown-linux-gnu
configure:2380: checking host system type
configure:2393: result: x86_64-unknown-linux-gnu
configure:2429: checking for a BSD-compatible install
configure:2497: result: /usr/bin/install -c
configure:2508: checking whether build environment is sane
configure:2563: result: yes
configure:2714: checking for a thread-safe mkdir -p
configure:2753: result: /bin/mkdir -p
configure:2760: checking for gawk
configure:2776: found /bin/gawk
configure:2787: result: gawk
configure:2798: checking whether make sets $(MAKE)
configure:2820: result: yes
configure:2849: checking whether make supports nested variables
configure:2866: result: yes
configure:2955: checking whether UID '0' is supported by ustar format
configure:2958: result: yes
configure:2965: checking whether GID '0' is supported by ustar format
configure:2968: result: yes
configure:2976: checking how to create a ustar tar archive
configure:2987: tar --version
tar (GNU tar) 1.23
Copyright (C) 2010 Free Software Foundation, Inc.
License GPLv3+: GNU GPL version 3 or later <http://gnu.org/licenses/gpl.html>.
This is free software: you are free to change and redistribute it.
There is NO WARRANTY, to the extent permitted by law.

Written by John Gilmore and Jay Fenlason.
configure:2990: $? = 0
configure:3030: tardir=conftest.dir && eval tar --format=ustar -chf - "$tardir" >conftest.tar
configure:3033: $? = 0
configure:3037: tar -xf - <conftest.tar
configure:3040: $? = 0
configure:3042: cat conftest.dir/file
GrepMe
configure:3045: $? = 0
configure:3058: result: gnutar
configure:3119: checking whether make supports nested variables
configure:3136: result: yes
configure:3148: checking whether to enable maintainer-specific portions of Makefiles
configure:3157: result: no
configure:3672: checking for style of include used by make
configure:3700: result: GNU
configure:3752: checking for gcc
configure:3768: found /usr/bin/gcc
configure:3779: result: gcc
configure:4008: checking for C compiler version
configure:4017: gcc --version >&5
gcc (GCC) 4.4.7 20120313 (Red Hat 4.4.7-23)
Copyright (C) 2010 Free Software Foundation, Inc.
This is free software; see the source for copying conditions.  There is NO
warranty; not even for MERCHANTABILITY or FITNESS FOR A PARTICULAR PURPOSE.

configure:4028: $? = 0
configure:4017: gcc -v >&5
Using built-in specs.
Target: x86_64-redhat-linux
Configured with: ../configure --prefix=/usr --mandir=/usr/share/man --infodir=/usr/share/info --with-bugurl=http://bugzilla.redhat.com/bugzilla --enable-bootstrap --enable-shared --enable-threads=posix --enable-checking=release --with-system-zlib --enable-__cxa_atexit --disable-libunwind-exceptions --enable-gnu-unique-object --enable-languages=c,c++,objc,obj-c++,java,fortran,ada --enable-java-awt=gtk --disable-dssi --with-java-home=/usr/lib/jvm/java-1.5.0-gcj-1.5.0.0/jre --enable-libgcj-multifile --enable-java-maintainer-mode --with-ecj-jar=/usr/share/java/eclipse-ecj.jar --disable-libjava-multilib --with-ppl --with-cloog --with-tune=generic --with-arch_32=i686 --build=x86_64-redhat-linux
Thread model: posix
gcc version 4.4.7 20120313 (Red Hat 4.4.7-23) (GCC) 
configure:4028: $? = 0
configure:4017: gcc -V >&5
gcc: '-V' option must have argument
configure:4028: $? = 1
configure:4017: gcc -qversion >&5
gcc: unrecognized option '-qversion'
gcc: no input files
configure:4028: $? = 1
configure:4048: checking whether the C compiler works
configure:4070: gcc    conftest.c  >&5
configure:4074: $? = 0
configure:4122: result: yes
configure:4125: checking for C compiler default output file name
configure:4127: result: a.out
configure:4133: checking for suffix of executables
configure:4140: gcc -o conftest    conftest.c  >&5
configure:4144: $? = 0
configure:4166: result: 
configure:4188: checking whether we are cross compiling
configure:4196: gcc -o conftest    conftest.c  >&5
configure:4200: $? = 0
configure:4207: ./conftest
configure:4211: $? = 0
configure:4226: result: no
configure:4231: checking for suffix of object files
configure:4253: gcc -c   conftest.c >&5
configure:4257: $? = 0
configure:4278: result: o
configure:4282: checking whether we are using the GNU C compiler
configure:4301: gcc -c   conftest.c >&5
configure:4301: $? = 0
configure:4310: result: yes
configure:4319: checking whether gcc accepts -g
configure:4339: gcc -c -g  conftest.c >&5
configure:4339: $? = 0
configure:4380: result: yes
configure:4397: checking for gcc option to accept ISO C89
configure:4460: gcc  -c -g -O2  conftest.c >&5
configure:4460: $? = 0
configure:4473: result: none needed
configure:4498: checking whether gcc understands -c and -o together
configure:4520: gcc -c conftest.c -o conftest2.o
configure:4523: $? = 0
configure:4520: gcc -c conftest.c -o conftest2.o
configure:4523: $? = 0
configure:4535: result: yes
configure:4554: checking dependency style of gcc
configure:4665: result: gcc3
configure:4680: checking for gcc option to accept ISO C99
configure:4829: gcc  -c -g -O2  conftest.c >&5
conftest.c:61: error: expected ';', ',' or ')' before 'text'
conftest.c: In function 'main':
conftest.c:115: error: expected '=', ',', ';', 'asm' or '__attribute__' before 'newvar'
conftest.c:115: error: 'newvar' undeclared (first use in this function)
conftest.c:115: error: (Each undeclared identifier is reported only once
conftest.c:115: error: for each function it appears in.)
conftest.c:125: error: 'for' loop initial declarations are only allowed in C99 mode
conftest.c:125: note: use option -std=c99 or -std=gnu99 to compile your code
configure:4829: $? = 1
configure: failed program was:
| /* confdefs.h */
| #define PACKAGE_NAME "libsodium"
| #define PACKAGE_TARNAME "libsodium"
| #define PACKAGE_VERSION "1.0.10"
| #define PACKAGE_STRING "libsodium 1.0.10"
| #define PACKAGE_BUGREPORT "https://github.com/jedisct1/libsodium/issues"
| #define PACKAGE_URL "https://github.com/jedisct1/libsodium"
| #define PACKAGE "libsodium"
| #define VERSION "1.0.10"
| /* end confdefs.h.  */
| #include <stdarg.h>
| #include <stdbool.h>
| #include <stdlib.h>
| #include <wchar.h>
| #include <stdio.h>
| 
| // Check varargs macros.  These examples are taken from C99 6.10.3.5.
| #define debug(...) fprintf (stderr, __VA_ARGS__)
| #define showlist(...) puts (#__VA_ARGS__)
| #define report(test,...) ((test) ? puts (#test) : printf (__VA_ARGS__))
| static void
| test_varargs_macros (void)
| {
|   int x = 1234;
|   int y = 5678;
|   debug ("Flag");
|   debug ("X = %d\n", x);
|   showlist (The first, second, and third items.);
|   report (x>y, "x is %d but y is %d", x, y);
| }
| 
| // Check long long types.
| #define BIG64 18446744073709551615ull
| #define BIG32 4294967295ul
| #define BIG_OK (BIG64 / BIG32 == 4294967297ull && BIG64 % BIG32 == 0)
| #if !BIG_OK
|   your preprocessor is broken;
| #endif
| #if BIG_OK
| #else
|   your preprocessor is broken;
| #endif
| static long long int bignum = -9223372036854775807LL;
| static unsigned long long int ubignum = BIG64;
| 
| struct incomplete_array
| {
|   int datasize;
|   double data[];
| };
| 
| struct named_init {
|   int number;
|   const wchar_t *name;
|   double average;
| };
| 
| typedef const char *ccp;
| 
| static inline int
| test_restrict (ccp restrict text)
| {
|   // See if C++-style comments work.
|   // Iterate through items via the restricted pointer.
|   // Also check for declarations in for loops.
|   for (unsigned int i = 0; *(text+i) != '\0'; ++i)
|     continue;
|   return 0;
| }
| 
| // Check varargs and va_copy.
| static void
| test_varargs (const char *format, ...)
| {
|   va_list args;
|   va_start (args, format);
|   va_list args_copy;
|   va_copy (args_copy, args);
| 
|   const char *str;
|   int number;
|   float fnumber;
| 
|   while (*format)
|     {
|       switch (*format++)
| 	{
| 	case 's': // string
| 	  str = va_arg (args_copy, const char *);
| 	  break;
| 	case 'd': // int
| 	  number = va_arg (args_copy, int);
| 	  break;
| 	case 'f': // float
| 	  fnumber = va_arg (args_copy, double);
| 	  break;
| 	default:
| 	  break;
| 	}
|     }
|   va_end (args_copy);
|   va_end (args);
| }
| 
| int
| main ()
| {
| 
|   // Check bool.
|   _Bool success = false;
| 
|   // Check restrict.
|   if (test_restrict ("String literal") == 0)
|     success = true;
|   char *restrict newvar = "Another string";
| 
|   // Check varargs.
|   test_varargs ("s, d' f .", "string", 65, 34.234);
|   test_varargs_macros ();
| 
|   // Check flexible array members.
|   struct incomplete_array *ia =
|     malloc (sizeof (struct incomplete_array) + (sizeof (double) * 10));
|   ia->datasize = 10;
|   for (int i = 0; i < ia->datasize; ++i)
|     ia->data[i] = i * 1.234;
| 
|   // Check named initializers.
|   struct named_init ni = {
|     .number = 34,
|     .name = L"Test wide string",
|     .average = 543.34343,
|   };
| 
|   ni.number = 58;
| 
|   int dynamic_array[ni.number];
|   dynamic_array[ni.number - 1] = 543;
| 
|   // work around unused variable warnings
|   return (!success || bignum == 0LL || ubignum == 0uLL || newvar[0] == 'x'
| 	  || dynamic_array[ni.number - 1] != 543);
| 
|   ;
|   return 0;
| }
configure:4829: gcc -std=gnu99 -c -g -O2  conftest.c >&5
configure:4829: $? = 0
configure:4849: result: -std=gnu99
configure:4866: checking dependency style of gcc -std=gnu99
configure:4975: result: gcc3
configure:4996: checking how to run the C preprocessor
configure:5027: gcc -std=gnu99 -E  conftest.c
configure:5027: $? = 0
configure:5041: gcc -std=gnu99 -E  conftest.c
conftest.c:11:28: error: ac_nonexistent.h: No such file or directory
configure:5041: $? = 1
configure: failed program was:
| /* confdefs.h */
| #define PACKAGE_NAME "libsodium"
| #define PACKAGE_TARNAME "libsodium"
| #define PACKAGE_VERSION "1.0.10"
| #define PACKAGE_STRING "libsodium 1.0.10"
| #define PACKAGE_BUGREPORT "https://github.com/jedisct1/libsodium/issues"
| #define PACKAGE_URL "https://github.com/jedisct1/libsodium"
| #define PACKAGE "libsodium"
| #define VERSION "1.0.10"
| /* end confdefs.h.  */
| #include <ac_nonexistent.h>
configure:5066: result: gcc -std=gnu99 -E
configure:5086: gcc -std=gnu99 -E  conftest.c
configure:5086: $? = 0
configure:5100: gcc -std=gnu99 -E  conftest.c
conftest.c:11:28: error: ac_nonexistent.h: No such file or directory
configure:5100: $? = 1
configure: failed program was:
| /* confdefs.h */
| #define PACKAGE_NAME "libsodium"
| #define PACKAGE_TARNAME "libsodium"
| #define PACKAGE_VERSION "1.0.10"
| #define PACKAGE_STRING "libsodium 1.0.10"
| #define PACKAGE_BUGREPORT "https://github.com/jedisct1/libsodium/issues"
| #define PACKAGE_URL "https://github.com/jedisct1/libsodium"
| #define PACKAGE "libsodium"
| #define VERSION "1.0.10"
| /* end confdefs.h.  */
| #include <ac_nonexistent.h>
configure:5129: checking for grep that handles long lines and -e
configure:5187: result: /bin/grep
configure:5192: checking for egrep
configure:5254: result: /bin/grep -E
configure:5259: checking for ANSI C header files
configure:5279: gcc -std=gnu99 -c -g -O2  conftest.c >&5
configure:5279: $? = 0
configure:5352: gcc -std=gnu99 -o conftest -g -O2   conftest.c  >&5
configure:5352: $? = 0
configure:5352: ./conftest
configure:5352: $? = 0
configure:5363: result: yes
configure:5376: checking for sys/types.h
configure:5376: gcc -std=gnu99 -c -g -O2  conftest.c >&5
configure:5376: $? = 0
configure:5376: result: yes
configure:5376: checking for sys/stat.h
configure:5376: gcc -std=gnu99 -c -g -O2  conftest.c >&5
configure:5376: $? = 0
configure:5376: result: yes
configure:5376: checking for stdlib.h
configure:5376: gcc -std=gnu99 -c -g -O2  conftest.c >&5
configure:5376: $? = 0
configure:5376: result: yes
configure:5376: checking for string.h
configure:5376: gcc -std=gnu99 -c -g -O2  conftest.c >&5
configure:5376: $? = 0
configure:5376: result: yes
configure:5376: checking for memory.h
configure:5376: gcc -std=gnu99 -c -g -O2  conftest.c >&5
configure:5376: $? = 0
configure:5376: result: yes
configure:5376: checking for strings.h
configure:5376: gcc -std=gnu99 -c -g -O2  conftest.c >&5
configure:5376: $? = 0
configure:5376: result: yes
configure:5376: checking for inttypes.h
configure:5376: gcc -std=gnu99 -c -g -O2  conftest.c >&5
configure:5376: $? = 0
configure:5376: result: yes
configure:5376: checking for stdint.h
configure:5376: gcc -std=gnu99 -c -g -O2  conftest.c >&5
configure:5376: $? = 0
configure:5376: result: yes
configure:5376: checking for unistd.h
configure:5376: gcc -std=gnu99 -c -g -O2  conftest.c >&5
configure:5376: $? = 0
configure:5376: result: yes
configure:5389: checking minix/config.h usability
configure:5389: gcc -std=gnu99 -c -g -O2  conftest.c >&5
conftest.c:54:26: error: minix/config.h: No such file or directory
configure:5389: $? = 1
configure: failed program was:
| /* confdefs.h */
| #define PACKAGE_NAME "libsodium"
| #define PACKAGE_TARNAME "libsodium"
| #define PACKAGE_VERSION "1.0.10"
| #define PACKAGE_STRING "libsodium 1.0.10"
| #define PACKAGE_BUGREPORT "https://github.com/jedisct1/libsodium/issues"
| #define PACKAGE_URL "https://github.com/jedisct1/libsodium"
| #define PACKAGE "libsodium"
| #define VERSION "1.0.10"
| #define STDC_HEADERS 1
| #define HAVE_SYS_TYPES_H 1
| #define HAVE_SYS_STAT_H 1
| #define HAVE_STDLIB_H 1
| #define HAVE_STRING_H 1
| #define HAVE_MEMORY_H 1
| #define HAVE_STRINGS_H 1
| #define HAVE_INTTYPES_H 1
| #define HAVE_STDINT_H 1
| #define HAVE_UNISTD_H 1
| /* end confdefs.h.  */
| #include <stdio.h>
| #ifdef HAVE_SYS_TYPES_H
| # include <sys/types.h>
| #endif
| #ifdef HAVE_SYS_STAT_H
| # include <sys/stat.h>
| #endif
| #ifdef STDC_HEADERS
| # include <stdlib.h>
| # include <stddef.h>
| #else
| # ifdef HAVE_STDLIB_H
| #  include <stdlib.h>
| # endif
| #endif
| #ifdef HAVE_STRING_H
| # if !defined STDC_HEADERS && defined HAVE_MEMORY_H
| #  include <memory.h>
| # endif
| # include <string.h>
| #endif
| #ifdef HAVE_STRINGS_H
| # include <strings.h>
| #endif
| #ifdef HAVE_INTTYPES_H
| # include <inttypes.h>
| #endif
| #ifdef HAVE_STDINT_H
| # include <stdint.h>
| #endif
| #ifdef HAVE_UNISTD_H
| # include <unistd.h>
| #endif
| #include <minix/config.h>
configure:5389: result: no
configure:5389: checking minix/config.h presence
configure:5389: gcc -std=gnu99 -E  conftest.c
conftest.c:21:26: error: minix/config.h: No such file or directory
configure:5389: $? = 1
configure: failed program was:
| /* confdefs.h */
| #define PACKAGE_NAME "libsodium"
| #define PACKAGE_TARNAME "libsodium"
| #define PACKAGE_VERSION "1.0.10"
| #define PACKAGE_STRING "libsodium 1.0.10"
| #define PACKAGE_BUGREPORT "https://github.com/jedisct1/libsodium/issues"
| #define PACKAGE_URL "https://github.com/jedisct1/libsodium"
| #define PACKAGE "libsodium"
| #define VERSION "1.0.10"
| #define STDC_HEADERS 1
| #define HAVE_SYS_TYPES_H 1
| #define HAVE_SYS_STAT_H 1
| #define HAVE_STDLIB_H 1
| #define HAVE_STRING_H 1
| #define HAVE_MEMORY_H 1
| #define HAVE_STRINGS_H 1
| #define HAVE_INTTYPES_H 1
| #define HAVE_STDINT_H 1
| #define HAVE_UNISTD_H 1
| /* end confdefs.h.  */
| #include <minix/config.h>
configure:5389: result: no
configure:5389: checking for minix/config.h
configure:5389: result: no
configure:5410: checking whether it is safe to define __EXTENSIONS__
configure:5428: gcc -std=gnu99 -c -g -O2  conftest.c >&5
configure:5428: $? = 0
configure:5435: result: yes
configure:5451: checking for __native_client__ defined
configure:5473: gcc -std=gnu99 -c -g -O2  conftest.c >&5
conftest.c: In function 'main':
conftest.c:34: error: 'choke' undeclared (first use in this function)
conftest.c:34: error: (Each undeclared identifier is reported only once
conftest.c:34: error: for each function it appears in.)
conftest.c:34: error: expected ';' before 'me'
configure:5473: $? = 1
configure: failed program was:
| /* confdefs.h */
| #define PACKAGE_NAME "libsodium"
| #define PACKAGE_TARNAME "libsodium"
| #define PACKAGE_VERSION "1.0.10"
| #define PACKAGE_STRING "libsodium 1.0.10"
| #define PACKAGE_BUGREPORT "https://github.com/jedisct1/libsodium/issues"
| #define PACKAGE_URL "https://github.com/jedisct1/libsodium"
| #define PACKAGE "libsodium"
| #define VERSION "1.0.10"
| #define STDC_HEADERS 1
| #define HAVE_SYS_TYPES_H 1
| #define HAVE_SYS_STAT_H 1
| #define HAVE_STDLIB_H 1
| #define HAVE_STRING_H 1
| #define HAVE_MEMORY_H 1
| #define HAVE_STRINGS_H 1
| #define HAVE_INTTYPES_H 1
| #define HAVE_STDINT_H 1
| #define HAVE_UNISTD_H 1
| #define __EXTENSIONS__ 1
| #define _ALL_SOURCE 1
| #define _GNU_SOURCE 1
| #define _POSIX_PTHREAD_SEMANTICS 1
| #define _TANDEM_SOURCE 1
| /* end confdefs.h.  */
| 
| int
| main ()
| {
| 
|   #ifdef __native_client__
|   int ok;
|   #else
|   choke me
|   #endif
| 
|   ;
|   return 0;
| }
configure:5480: result: no
configure:5487: checking for _FORTIFY_SOURCE defined
configure:5509: gcc -std=gnu99 -c -g -O2  conftest.c >&5
conftest.c: In function 'main':
conftest.c:34: error: 'choke' undeclared (first use in this function)
conftest.c:34: error: (Each undeclared identifier is reported only once
conftest.c:34: error: for each function it appears in.)
conftest.c:34: error: expected ';' before 'me'
configure:5509: $? = 1
configure: failed program was:
| /* confdefs.h */
| #define PACKAGE_NAME "libsodium"
| #define PACKAGE_TARNAME "libsodium"
| #define PACKAGE_VERSION "1.0.10"
| #define PACKAGE_STRING "libsodium 1.0.10"
| #define PACKAGE_BUGREPORT "https://github.com/jedisct1/libsodium/issues"
| #define PACKAGE_URL "https://github.com/jedisct1/libsodium"
| #define PACKAGE "libsodium"
| #define VERSION "1.0.10"
| #define STDC_HEADERS 1
| #define HAVE_SYS_TYPES_H 1
| #define HAVE_SYS_STAT_H 1
| #define HAVE_STDLIB_H 1
| #define HAVE_STRING_H 1
| #define HAVE_MEMORY_H 1
| #define HAVE_STRINGS_H 1
| #define HAVE_INTTYPES_H 1
| #define HAVE_STDINT_H 1
| #define HAVE_UNISTD_H 1
| #define __EXTENSIONS__ 1
| #define _ALL_SOURCE 1
| #define _GNU_SOURCE 1
| #define _POSIX_PTHREAD_SEMANTICS 1
| #define _TANDEM_SOURCE 1
| /* end confdefs.h.  */
| 
| int
| main ()
| {
| 
|   #ifdef _FORTIFY_SOURCE
|   int ok;
|   #else
|   choke me
|   #endif
| 
|   ;
|   return 0;
| }
configure:5516: result: no
configure:5522: checking whether C compiler accepts -D_FORTIFY_SOURCE=2
configure:5541: gcc -std=gnu99 -c -g -O2  -D_FORTIFY_SOURCE=2  conftest.c >&5
configure:5541: $? = 0
configure:5549: result: yes
configure:5560: checking whether C compiler accepts -fvisibility=hidden
configure:5579: gcc -std=gnu99 -c -g -O2  -fvisibility=hidden  -D_FORTIFY_SOURCE=2 conftest.c >&5
configure:5579: $? = 0
configure:5587: result: yes
configure:5601: checking whether C compiler accepts -fPIC
configure:5620: gcc -std=gnu99 -c -g -O2 -fvisibility=hidden  -fPIC  -D_FORTIFY_SOURCE=2 conftest.c >&5
configure:5620: $? = 0
configure:5628: result: yes
configure:5632: checking whether the linker accepts -fPIC
configure:5651: gcc -std=gnu99 -o conftest -g -O2 -fvisibility=hidden  -D_FORTIFY_SOURCE=2   -fPIC conftest.c  >&5
configure:5651: $? = 0
configure:5660: result: yes
configure:5679: checking whether C compiler accepts -fPIE
configure:5698: gcc -std=gnu99 -c -g -O2 -fvisibility=hidden -fPIC  -fPIE  -D_FORTIFY_SOURCE=2 conftest.c >&5
configure:5698: $? = 0
configure:5706: result: yes
configure:5710: checking whether the linker accepts -fPIE
configure:5729: gcc -std=gnu99 -o conftest -g -O2 -fvisibility=hidden -fPIC  -D_FORTIFY_SOURCE=2   -fPIE conftest.c  >&5
configure:5729: $? = 0
configure:5738: result: yes
configure:5741: checking whether the linker accepts -pie
configure:5760: gcc -std=gnu99 -o conftest -g -O2 -fvisibility=hidden -fPIC  -D_FORTIFY_SOURCE=2   -pie conftest.c  >&5
configure:5760: $? = 0
configure:5769: result: yes
configure:5791: checking whether C compiler accepts -fno-strict-aliasing
configure:5810: gcc -std=gnu99 -c -g -O2 -fvisibility=hidden -fPIC -fPIE  -fno-strict-aliasing  -D_FORTIFY_SOURCE=2 conftest.c >&5
configure:5810: $? = 0
configure:5818: result: yes
configure:5826: checking whether C compiler accepts -fno-strict-overflow
configure:5845: gcc -std=gnu99 -c -g -O2 -fvisibility=hidden -fPIC -fPIE -fno-strict-aliasing  -fno-strict-overflow  -D_FORTIFY_SOURCE=2 conftest.c >&5
configure:5845: $? = 0
configure:5853: result: yes
configure:5912: gcc -std=gnu99 -c -g -O2 -fvisibility=hidden -fPIC -fPIE -fno-strict-aliasing -fno-strict-overflow  -D_FORTIFY_SOURCE=2 conftest.c >&5
configure:5912: $? = 0
configure:6101: checking whether C compiler accepts -fstack-protector
configure:6120: gcc -std=gnu99 -c -g -O2 -fvisibility=hidden -fPIC -fPIE -fno-strict-aliasing -fno-strict-overflow  -fstack-protector  -D_FORTIFY_SOURCE=2 conftest.c >&5
configure:6120: $? = 0
configure:6128: result: yes
configure:6132: checking whether the linker accepts -fstack-protector
configure:6151: gcc -std=gnu99 -o conftest -g -O2 -fvisibility=hidden -fPIC -fPIE -fno-strict-aliasing -fno-strict-overflow  -D_FORTIFY_SOURCE=2  -pie  -fstack-protector conftest.c  >&5
configure:6151: $? = 0
configure:6160: result: yes
configure:6181: checking whether C compiler accepts -Wwrite-strings
configure:6200: gcc -std=gnu99 -c -g -O2 -fvisibility=hidden -fPIC -fPIE -fno-strict-aliasing -fno-strict-overflow -fstack-protector  -Wwrite-strings  -D_FORTIFY_SOURCE=2 conftest.c >&5
configure:6200: $? = 0
configure:6208: result: yes
configure:6216: checking whether C compiler accepts -Wdiv-by-zero
configure:6235: gcc -std=gnu99 -c -g -O2 -fvisibility=hidden -fPIC -fPIE -fno-strict-aliasing -fno-strict-overflow -fstack-protector -Wwrite-strings  -Wdiv-by-zero  -D_FORTIFY_SOURCE=2 conftest.c >&5
configure:6235: $? = 0
configure:6243: result: yes
configure:6251: checking whether C compiler accepts -Wsometimes-uninitialized
configure:6270: gcc -std=gnu99 -c -g -O2 -fvisibility=hidden -fPIC -fPIE -fno-strict-aliasing -fno-strict-overflow -fstack-protector -Wwrite-strings -Wdiv-by-zero  -Wsometimes-uninitialized  -D_FORTIFY_SOURCE=2 conftest.c >&5
cc1: error: unrecognized command line option "-Wsometimes-uninitialized"
configure:6270: $? = 1
configure: failed program was:
| /* confdefs.h */
| #define PACKAGE_NAME "libsodium"
| #define PACKAGE_TARNAME "libsodium"
| #define PACKAGE_VERSION "1.0.10"
| #define PACKAGE_STRING "libsodium 1.0.10"
| #define PACKAGE_BUGREPORT "https://github.com/jedisct1/libsodium/issues"
| #define PACKAGE_URL "https://github.com/jedisct1/libsodium"
| #define PACKAGE "libsodium"
| #define VERSION "1.0.10"
| #define STDC_HEADERS 1
| #define HAVE_SYS_TYPES_H 1
| #define HAVE_SYS_STAT_H 1
| #define HAVE_STDLIB_H 1
| #define HAVE_STRING_H 1
| #define HAVE_MEMORY_H 1
| #define HAVE_STRINGS_H 1
| #define HAVE_INTTYPES_H 1
| #define HAVE_STDINT_H 1
| #define HAVE_UNISTD_H 1
| #define __EXTENSIONS__ 1
| #define _ALL_SOURCE 1
| #define _GNU_SOURCE 1
| #define _POSIX_PTHREAD_SEMANTICS 1
| #define _TANDEM_SOURCE 1
| /* end confdefs.h.  */
| #include <stdio.h>
| int
| main ()
| {
| char x[42U], fodder = 0;if (fodder > -1000 && fgets(x,1000,stdin)) puts(x)
|   ;
|   return 0;
| }
configure:6278: result: no
configure:6290: checking whether C compiler accepts  -Wall
configure:6309: gcc -std=gnu99 -c -g -O2 -fvisibility=hidden -fPIC -fPIE -fno-strict-aliasing -fno-strict-overflow -fstack-protector -Wwrite-strings -Wdiv-by-zero   -Wall  -D_FORTIFY_SOURCE=2 conftest.c >&5
configure:6309: $? = 0
configure:6318: result: yes
configure:6327: checking whether C compiler accepts  -Wall -Wextra
configure:6346: gcc -std=gnu99 -c -g -O2 -fvisibility=hidden -fPIC -fPIE -fno-strict-aliasing -fno-strict-overflow -fstack-protector -Wwrite-strings -Wdiv-by-zero   -Wall -Wextra  -D_FORTIFY_SOURCE=2 conftest.c >&5
conftest.c: In function 'main':
conftest.c:30: warning: comparison is always true due to limited range of data type
configure:6346: $? = 0
configure:6355: result: yes
configure:6364: checking for clang
configure:6381: gcc -std=gnu99 -c -g -O2 -fvisibility=hidden -fPIC -fPIE -fno-strict-aliasing -fno-strict-overflow -fstack-protector -Wwrite-strings -Wdiv-by-zero  -D_FORTIFY_SOURCE=2 conftest.c >&5
conftest.c: In function 'main':
conftest.c:32: error: 'be' undeclared (first use in this function)
conftest.c:32: error: (Each undeclared identifier is reported only once
conftest.c:32: error: for each function it appears in.)
conftest.c:32: error: expected ';' before 'sad'
configure:6381: $? = 1
configure: failed program was:
| /* confdefs.h */
| #define PACKAGE_NAME "libsodium"
| #define PACKAGE_TARNAME "libsodium"
| #define PACKAGE_VERSION "1.0.10"
| #define PACKAGE_STRING "libsodium 1.0.10"
| #define PACKAGE_BUGREPORT "https://github.com/jedisct1/libsodium/issues"
| #define PACKAGE_URL "https://github.com/jedisct1/libsodium"
| #define PACKAGE "libsodium"
| #define VERSION "1.0.10"
| #define STDC_HEADERS 1
| #define HAVE_SYS_TYPES_H 1
| #define HAVE_SYS_STAT_H 1
| #define HAVE_STDLIB_H 1
| #define HAVE_STRING_H 1
| #define HAVE_MEMORY_H 1
| #define HAVE_STRINGS_H 1
| #define HAVE_INTTYPES_H 1
| #define HAVE_STDINT_H 1
| #define HAVE_UNISTD_H 1
| #define __EXTENSIONS__ 1
| #define _ALL_SOURCE 1
| #define _GNU_SOURCE 1
| #define _POSIX_PTHREAD_SEMANTICS 1
| #define _TANDEM_SOURCE 1
| /* end confdefs.h.  */
| 
| int
| main ()
| {
| 
| #ifndef __clang__
| be sad
| #endif
| 
|   ;
|   return 0;
| }
configure:6423: result: no
configure:6430: checking whether C compiler accepts  -Wall -Wextra -Wbad-function-cast
configure:6449: gcc -std=gnu99 -c -g -O2 -fvisibility=hidden -fPIC -fPIE -fno-strict-aliasing -fno-strict-overflow -fstack-protector -Wwrite-strings -Wdiv-by-zero   -Wall -Wextra -Wbad-function-cast  -D_FORTIFY_SOURCE=2 conftest.c >&5
conftest.c: In function 'main':
conftest.c:30: warning: comparison is always true due to limited range of data type
configure:6449: $? = 0
configure:6458: result: yes
configure:6467: checking whether C compiler accepts  -Wall -Wextra -Wbad-function-cast -Wcast-align
configure:6486: gcc -std=gnu99 -c -g -O2 -fvisibility=hidden -fPIC -fPIE -fno-strict-aliasing -fno-strict-overflow -fstack-protector -Wwrite-strings -Wdiv-by-zero   -Wall -Wextra -Wbad-function-cast -Wcast-align  -D_FORTIFY_SOURCE=2 conftest.c >&5
conftest.c: In function 'main':
conftest.c:30: warning: comparison is always true due to limited range of data type
configure:6486: $? = 0
configure:6495: result: yes
configure:6504: checking whether C compiler accepts  -Wall -Wextra -Wbad-function-cast -Wcast-align -Wcast-qual
configure:6523: gcc -std=gnu99 -c -g -O2 -fvisibility=hidden -fPIC -fPIE -fno-strict-aliasing -fno-strict-overflow -fstack-protector -Wwrite-strings -Wdiv-by-zero   -Wall -Wextra -Wbad-function-cast -Wcast-align -Wcast-qual  -D_FORTIFY_SOURCE=2 conftest.c >&5
conftest.c: In function 'main':
conftest.c:30: warning: comparison is always true due to limited range of data type
configure:6523: $? = 0
configure:6532: result: yes
configure:6541: checking whether C compiler accepts  -Wall -Wextra -Wbad-function-cast -Wcast-align -Wcast-qual -Wduplicated-cond
configure:6560: gcc -std=gnu99 -c -g -O2 -fvisibility=hidden -fPIC -fPIE -fno-strict-aliasing -fno-strict-overflow -fstack-protector -Wwrite-strings -Wdiv-by-zero   -Wall -Wextra -Wbad-function-cast -Wcast-align -Wcast-qual -Wduplicated-cond  -D_FORTIFY_SOURCE=2 conftest.c >&5
cc1: error: unrecognized command line option "-Wduplicated-cond"
configure:6560: $? = 1
configure: failed program was:
| /* confdefs.h */
| #define PACKAGE_NAME "libsodium"
| #define PACKAGE_TARNAME "libsodium"
| #define PACKAGE_VERSION "1.0.10"
| #define PACKAGE_STRING "libsodium 1.0.10"
| #define PACKAGE_BUGREPORT "https://github.com/jedisct1/libsodium/issues"
| #define PACKAGE_URL "https://github.com/jedisct1/libsodium"
| #define PACKAGE "libsodium"
| #define VERSION "1.0.10"
| #define STDC_HEADERS 1
| #define HAVE_SYS_TYPES_H 1
| #define HAVE_SYS_STAT_H 1
| #define HAVE_STDLIB_H 1
| #define HAVE_STRING_H 1
| #define HAVE_MEMORY_H 1
| #define HAVE_STRINGS_H 1
| #define HAVE_INTTYPES_H 1
| #define HAVE_STDINT_H 1
| #define HAVE_UNISTD_H 1
| #define __EXTENSIONS__ 1
| #define _ALL_SOURCE 1
| #define _GNU_SOURCE 1
| #define _POSIX_PTHREAD_SEMANTICS 1
| #define _TANDEM_SOURCE 1
| /* end confdefs.h.  */
| #include <stdio.h>
| int
| main ()
| {
| char x[42U], fodder = 0;if (fodder > -1000 && fgets(x,1000,stdin)) puts(x)
|   ;
|   return 0;
| }
configure:6569: result: no
configure:6578: checking whether C compiler accepts  -Wall -Wextra -Wbad-function-cast -Wcast-align -Wcast-qual -Wfloat-equal
configure:6597: gcc -std=gnu99 -c -g -O2 -fvisibility=hidden -fPIC -fPIE -fno-strict-aliasing -fno-strict-overflow -fstack-protector -Wwrite-strings -Wdiv-by-zero   -Wall -Wextra -Wbad-function-cast -Wcast-align -Wcast-qual -Wfloat-equal  -D_FORTIFY_SOURCE=2 conftest.c >&5
conftest.c: In function 'main':
conftest.c:30: warning: comparison is always true due to limited range of data type
configure:6597: $? = 0
configure:6606: result: yes
configure:6615: checking whether C compiler accepts  -Wall -Wextra -Wbad-function-cast -Wcast-align -Wcast-qual -Wfloat-equal -Wformat=2
configure:6634: gcc -std=gnu99 -c -g -O2 -fvisibility=hidden -fPIC -fPIE -fno-strict-aliasing -fno-strict-overflow -fstack-protector -Wwrite-strings -Wdiv-by-zero   -Wall -Wextra -Wbad-function-cast -Wcast-align -Wcast-qual -Wfloat-equal -Wformat=2  -D_FORTIFY_SOURCE=2 conftest.c >&5
conftest.c: In function 'main':
conftest.c:30: warning: comparison is always true due to limited range of data type
configure:6634: $? = 0
configure:6643: result: yes
configure:6652: checking whether C compiler accepts  -Wall -Wextra -Wbad-function-cast -Wcast-align -Wcast-qual -Wfloat-equal -Wformat=2 -Wmissing-declarations
configure:6671: gcc -std=gnu99 -c -g -O2 -fvisibility=hidden -fPIC -fPIE -fno-strict-aliasing -fno-strict-overflow -fstack-protector -Wwrite-strings -Wdiv-by-zero   -Wall -Wextra -Wbad-function-cast -Wcast-align -Wcast-qual -Wfloat-equal -Wformat=2 -Wmissing-declarations  -D_FORTIFY_SOURCE=2 conftest.c >&5
conftest.c: In function 'main':
conftest.c:30: warning: comparison is always true due to limited range of data type
configure:6671: $? = 0
configure:6680: result: yes
configure:6689: checking whether C compiler accepts  -Wall -Wextra -Wbad-function-cast -Wcast-align -Wcast-qual -Wfloat-equal -Wformat=2 -Wmissing-declarations -Wmissing-prototypes
configure:6708: gcc -std=gnu99 -c -g -O2 -fvisibility=hidden -fPIC -fPIE -fno-strict-aliasing -fno-strict-overflow -fstack-protector -Wwrite-strings -Wdiv-by-zero   -Wall -Wextra -Wbad-function-cast -Wcast-align -Wcast-qual -Wfloat-equal -Wformat=2 -Wmissing-declarations -Wmissing-prototypes  -D_FORTIFY_SOURCE=2 conftest.c >&5
conftest.c: In function 'main':
conftest.c:30: warning: comparison is always true due to limited range of data type
configure:6708: $? = 0
configure:6717: result: yes
configure:6726: checking whether C compiler accepts  -Wall -Wextra -Wbad-function-cast -Wcast-align -Wcast-qual -Wfloat-equal -Wformat=2 -Wmissing-declarations -Wmissing-prototypes -Wnested-externs
configure:6745: gcc -std=gnu99 -c -g -O2 -fvisibility=hidden -fPIC -fPIE -fno-strict-aliasing -fno-strict-overflow -fstack-protector -Wwrite-strings -Wdiv-by-zero   -Wall -Wextra -Wbad-function-cast -Wcast-align -Wcast-qual -Wfloat-equal -Wformat=2 -Wmissing-declarations -Wmissing-prototypes -Wnested-externs  -D_FORTIFY_SOURCE=2 conftest.c >&5
conftest.c: In function 'main':
conftest.c:30: warning: comparison is always true due to limited range of data type
configure:6745: $? = 0
configure:6754: result: yes
configure:6763: checking whether C compiler accepts  -Wall -Wextra -Wbad-function-cast -Wcast-align -Wcast-qual -Wfloat-equal -Wformat=2 -Wmissing-declarations -Wmissing-prototypes -Wnested-externs -Wno-unknown-pragmas
configure:6782: gcc -std=gnu99 -c -g -O2 -fvisibility=hidden -fPIC -fPIE -fno-strict-aliasing -fno-strict-overflow -fstack-protector -Wwrite-strings -Wdiv-by-zero   -Wall -Wextra -Wbad-function-cast -Wcast-align -Wcast-qual -Wfloat-equal -Wformat=2 -Wmissing-declarations -Wmissing-prototypes -Wnested-externs -Wno-unknown-pragmas  -D_FORTIFY_SOURCE=2 conftest.c >&5
conftest.c: In function 'main':
conftest.c:30: warning: comparison is always true due to limited range of data type
configure:6782: $? = 0
configure:6791: result: yes
configure:6800: checking whether C compiler accepts  -Wall -Wextra -Wbad-function-cast -Wcast-align -Wcast-qual -Wfloat-equal -Wformat=2 -Wmissing-declarations -Wmissing-prototypes -Wnested-externs -Wno-unknown-pragmas -Wnormalized=id
configure:6819: gcc -std=gnu99 -c -g -O2 -fvisibility=hidden -fPIC -fPIE -fno-strict-aliasing -fno-strict-overflow -fstack-protector -Wwrite-strings -Wdiv-by-zero   -Wall -Wextra -Wbad-function-cast -Wcast-align -Wcast-qual -Wfloat-equal -Wformat=2 -Wmissing-declarations -Wmissing-prototypes -Wnested-externs -Wno-unknown-pragmas -Wnormalized=id  -D_FORTIFY_SOURCE=2 conftest.c >&5
conftest.c: In function 'main':
conftest.c:30: warning: comparison is always true due to limited range of data type
configure:6819: $? = 0
configure:6828: result: yes
configure:6837: checking whether C compiler accepts  -Wall -Wextra -Wbad-function-cast -Wcast-align -Wcast-qual -Wfloat-equal -Wformat=2 -Wmissing-declarations -Wmissing-prototypes -Wnested-externs -Wno-unknown-pragmas -Wnormalized=id -Wnull-dereference
configure:6856: gcc -std=gnu99 -c -g -O2 -fvisibility=hidden -fPIC -fPIE -fno-strict-aliasing -fno-strict-overflow -fstack-protector -Wwrite-strings -Wdiv-by-zero   -Wall -Wextra -Wbad-function-cast -Wcast-align -Wcast-qual -Wfloat-equal -Wformat=2 -Wmissing-declarations -Wmissing-prototypes -Wnested-externs -Wno-unknown-pragmas -Wnormalized=id -Wnull-dereference  -D_FORTIFY_SOURCE=2 conftest.c >&5
cc1: error: unrecognized command line option "-Wnull-dereference"
configure:6856: $? = 1
configure: failed program was:
| /* confdefs.h */
| #define PACKAGE_NAME "libsodium"
| #define PACKAGE_TARNAME "libsodium"
| #define PACKAGE_VERSION "1.0.10"
| #define PACKAGE_STRING "libsodium 1.0.10"
| #define PACKAGE_BUGREPORT "https://github.com/jedisct1/libsodium/issues"
| #define PACKAGE_URL "https://github.com/jedisct1/libsodium"
| #define PACKAGE "libsodium"
| #define VERSION "1.0.10"
| #define STDC_HEADERS 1
| #define HAVE_SYS_TYPES_H 1
| #define HAVE_SYS_STAT_H 1
| #define HAVE_STDLIB_H 1
| #define HAVE_STRING_H 1
| #define HAVE_MEMORY_H 1
| #define HAVE_STRINGS_H 1
| #define HAVE_INTTYPES_H 1
| #define HAVE_STDINT_H 1
| #define HAVE_UNISTD_H 1
| #define __EXTENSIONS__ 1
| #define _ALL_SOURCE 1
| #define _GNU_SOURCE 1
| #define _POSIX_PTHREAD_SEMANTICS 1
| #define _TANDEM_SOURCE 1
| /* end confdefs.h.  */
| #include <stdio.h>
| int
| main ()
| {
| char x[42U], fodder = 0;if (fodder > -1000 && fgets(x,1000,stdin)) puts(x)
|   ;
|   return 0;
| }
configure:6865: result: no
configure:6874: checking whether C compiler accepts  -Wall -Wextra -Wbad-function-cast -Wcast-align -Wcast-qual -Wfloat-equal -Wformat=2 -Wmissing-declarations -Wmissing-prototypes -Wnested-externs -Wno-unknown-pragmas -Wnormalized=id -Wpointer-arith
configure:6893: gcc -std=gnu99 -c -g -O2 -fvisibility=hidden -fPIC -fPIE -fno-strict-aliasing -fno-strict-overflow -fstack-protector -Wwrite-strings -Wdiv-by-zero   -Wall -Wextra -Wbad-function-cast -Wcast-align -Wcast-qual -Wfloat-equal -Wformat=2 -Wmissing-declarations -Wmissing-prototypes -Wnested-externs -Wno-unknown-pragmas -Wnormalized=id -Wpointer-arith  -D_FORTIFY_SOURCE=2 conftest.c >&5
conftest.c: In function 'main':
conftest.c:30: warning: comparison is always true due to limited range of data type
configure:6893: $? = 0
configure:6902: result: yes
configure:6911: checking whether C compiler accepts  -Wall -Wextra -Wbad-function-cast -Wcast-align -Wcast-qual -Wfloat-equal -Wformat=2 -Wmissing-declarations -Wmissing-prototypes -Wnested-externs -Wno-unknown-pragmas -Wnormalized=id -Wpointer-arith -Wredundant-decls
configure:6930: gcc -std=gnu99 -c -g -O2 -fvisibility=hidden -fPIC -fPIE -fno-strict-aliasing -fno-strict-overflow -fstack-protector -Wwrite-strings -Wdiv-by-zero   -Wall -Wextra -Wbad-function-cast -Wcast-align -Wcast-qual -Wfloat-equal -Wformat=2 -Wmissing-declarations -Wmissing-prototypes -Wnested-externs -Wno-unknown-pragmas -Wnormalized=id -Wpointer-arith -Wredundant-decls  -D_FORTIFY_SOURCE=2 conftest.c >&5
conftest.c: In function 'main':
conftest.c:30: warning: comparison is always true due to limited range of data type
configure:6930: $? = 0
configure:6939: result: yes
configure:6948: checking whether C compiler accepts  -Wall -Wextra -Wbad-function-cast -Wcast-align -Wcast-qual -Wfloat-equal -Wformat=2 -Wmissing-declarations -Wmissing-prototypes -Wnested-externs -Wno-unknown-pragmas -Wnormalized=id -Wpointer-arith -Wredundant-decls -Wstrict-prototypes
configure:6967: gcc -std=gnu99 -c -g -O2 -fvisibility=hidden -fPIC -fPIE -fno-strict-aliasing -fno-strict-overflow -fstack-protector -Wwrite-strings -Wdiv-by-zero   -Wall -Wextra -Wbad-function-cast -Wcast-align -Wcast-qual -Wfloat-equal -Wformat=2 -Wmissing-declarations -Wmissing-prototypes -Wnested-externs -Wno-unknown-pragmas -Wnormalized=id -Wpointer-arith -Wredundant-decls -Wstrict-prototypes  -D_FORTIFY_SOURCE=2 conftest.c >&5
conftest.c:29: warning: function declaration isn't a prototype
conftest.c: In function 'main':
conftest.c:30: warning: comparison is always true due to limited range of data type
configure:6967: $? = 0
configure:6976: result: yes
configure:6985: checking whether C compiler accepts  -Wall -Wextra -Wbad-function-cast -Wcast-align -Wcast-qual -Wfloat-equal -Wformat=2 -Wmissing-declarations -Wmissing-prototypes -Wnested-externs -Wno-unknown-pragmas -Wnormalized=id -Wpointer-arith -Wredundant-decls -Wstrict-prototypes -Wswitch-enum
configure:7004: gcc -std=gnu99 -c -g -O2 -fvisibility=hidden -fPIC -fPIE -fno-strict-aliasing -fno-strict-overflow -fstack-protector -Wwrite-strings -Wdiv-by-zero   -Wall -Wextra -Wbad-function-cast -Wcast-align -Wcast-qual -Wfloat-equal -Wformat=2 -Wmissing-declarations -Wmissing-prototypes -Wnested-externs -Wno-unknown-pragmas -Wnormalized=id -Wpointer-arith -Wredundant-decls -Wstrict-prototypes -Wswitch-enum  -D_FORTIFY_SOURCE=2 conftest.c >&5
conftest.c:29: warning: function declaration isn't a prototype
conftest.c: In function 'main':
conftest.c:30: warning: comparison is always true due to limited range of data type
configure:7004: $? = 0
configure:7013: result: yes
configure:7022: checking whether C compiler accepts  -Wall -Wextra -Wbad-function-cast -Wcast-align -Wcast-qual -Wfloat-equal -Wformat=2 -Wmissing-declarations -Wmissing-prototypes -Wnested-externs -Wno-unknown-pragmas -Wnormalized=id -Wpointer-arith -Wredundant-decls -Wstrict-prototypes -Wswitch-enum -Wvariable-decl
configure:7041: gcc -std=gnu99 -c -g -O2 -fvisibility=hidden -fPIC -fPIE -fno-strict-aliasing -fno-strict-overflow -fstack-protector -Wwrite-strings -Wdiv-by-zero   -Wall -Wextra -Wbad-function-cast -Wcast-align -Wcast-qual -Wfloat-equal -Wformat=2 -Wmissing-declarations -Wmissing-prototypes -Wnested-externs -Wno-unknown-pragmas -Wnormalized=id -Wpointer-arith -Wredundant-decls -Wstrict-prototypes -Wswitch-enum -Wvariable-decl  -D_FORTIFY_SOURCE=2 conftest.c >&5
cc1: error: unrecognized command line option "-Wvariable-decl"
configure:7041: $? = 1
configure: failed program was:
| /* confdefs.h */
| #define PACKAGE_NAME "libsodium"
| #define PACKAGE_TARNAME "libsodium"
| #define PACKAGE_VERSION "1.0.10"
| #define PACKAGE_STRING "libsodium 1.0.10"
| #define PACKAGE_BUGREPORT "https://github.com/jedisct1/libsodium/issues"
| #define PACKAGE_URL "https://github.com/jedisct1/libsodium"
| #define PACKAGE "libsodium"
| #define VERSION "1.0.10"
| #define STDC_HEADERS 1
| #define HAVE_SYS_TYPES_H 1
| #define HAVE_SYS_STAT_H 1
| #define HAVE_STDLIB_H 1
| #define HAVE_STRING_H 1
| #define HAVE_MEMORY_H 1
| #define HAVE_STRINGS_H 1
| #define HAVE_INTTYPES_H 1
| #define HAVE_STDINT_H 1
| #define HAVE_UNISTD_H 1
| #define __EXTENSIONS__ 1
| #define _ALL_SOURCE 1
| #define _GNU_SOURCE 1
| #define _POSIX_PTHREAD_SEMANTICS 1
| #define _TANDEM_SOURCE 1
| /* end confdefs.h.  */
| #include <stdio.h>
| int
| main ()
| {
| char x[42U], fodder = 0;if (fodder > -1000 && fgets(x,1000,stdin)) puts(x)
|   ;
|   return 0;
| }
configure:7050: result: no
configure:7059: checking whether the linker accepts -Wl,-z,relro
configure:7078: gcc -std=gnu99 -o conftest -g -O2 -fvisibility=hidden -fPIC -fPIE -fno-strict-aliasing -fno-strict-overflow -fstack-protector -Wwrite-strings -Wdiv-by-zero  -D_FORTIFY_SOURCE=2  -pie  -Wl,-z,relro conftest.c  >&5
configure:7078: $? = 0
configure:7087: result: yes
configure:7095: checking whether the linker accepts -Wl,-z,now
configure:7114: gcc -std=gnu99 -o conftest -g -O2 -fvisibility=hidden -fPIC -fPIE -fno-strict-aliasing -fno-strict-overflow -fstack-protector -Wwrite-strings -Wdiv-by-zero  -D_FORTIFY_SOURCE=2  -pie -Wl,-z,relro  -Wl,-z,now conftest.c  >&5
configure:7114: $? = 0
configure:7123: result: yes
configure:7131: checking whether the linker accepts -Wl,-z,noexecstack
configure:7150: gcc -std=gnu99 -o conftest -g -O2 -fvisibility=hidden -fPIC -fPIE -fno-strict-aliasing -fno-strict-overflow -fstack-protector -Wwrite-strings -Wdiv-by-zero  -D_FORTIFY_SOURCE=2  -pie -Wl,-z,relro -Wl,-z,now  -Wl,-z,noexecstack conftest.c  >&5
configure:7150: $? = 0
configure:7159: result: yes
configure:7214: checking how to print strings
configure:7241: result: printf
configure:7262: checking for a sed that does not truncate output
configure:7326: result: /bin/sed
configure:7344: checking for fgrep
configure:7406: result: /bin/grep -F
configure:7441: checking for ld used by gcc -std=gnu99
configure:7508: result: /usr/bin/ld
configure:7515: checking if the linker (/usr/bin/ld) is GNU ld
configure:7530: result: yes
configure:7542: checking for BSD- or MS-compatible name lister (nm)
configure:7596: result: /usr/bin/nm -B
configure:7726: checking the name lister (/usr/bin/nm -B) interface
configure:7733: gcc -std=gnu99 -c -g -O2 -fvisibility=hidden -fPIC -fPIE -fno-strict-aliasing -fno-strict-overflow -fstack-protector -Wwrite-strings -Wdiv-by-zero  -D_FORTIFY_SOURCE=2 conftest.c >&5
configure:7736: /usr/bin/nm -B "conftest.o"
configure:7739: output
0000000000000000 B some_variable
configure:7746: result: BSD nm
configure:7749: checking whether ln -s works
configure:7753: result: yes
configure:7761: checking the maximum length of command line arguments
configure:7892: result: 1966080
configure:7940: checking how to convert x86_64-unknown-linux-gnu file names to x86_64-unknown-linux-gnu format
configure:7980: result: func_convert_file_noop
configure:7987: checking how to convert x86_64-unknown-linux-gnu file names to toolchain format
configure:8007: result: func_convert_file_noop
configure:8014: checking for /usr/bin/ld option to reload object files
configure:8021: result: -r
configure:8095: checking for objdump
configure:8111: found /usr/bin/objdump
configure:8122: result: objdump
configure:8154: checking how to recognize dependent libraries
configure:8354: result: pass_all
configure:8439: checking for dlltool
configure:8469: result: no
configure:8499: checking how to associate runtime and link libraries
configure:8526: result: printf %s\n
configure:8586: checking for ar
configure:8602: found /usr/bin/ar
configure:8613: result: ar
configure:8650: checking for archiver @FILE support
configure:8667: gcc -std=gnu99 -c -g -O2 -fvisibility=hidden -fPIC -fPIE -fno-strict-aliasing -fno-strict-overflow -fstack-protector -Wwrite-strings -Wdiv-by-zero  -D_FORTIFY_SOURCE=2 conftest.c >&5
configure:8667: $? = 0
configure:8670: ar cru libconftest.a @conftest.lst >&5
configure:8673: $? = 0
configure:8678: ar cru libconftest.a @conftest.lst >&5
ar: conftest.o: No such file or directory
configure:8681: $? = 1
configure:8693: result: @
configure:8751: checking for strip
configure:8767: found /usr/bin/strip
configure:8778: result: strip
configure:8850: checking for ranlib
configure:8866: found /usr/bin/ranlib
configure:8877: result: ranlib
configure:8979: checking command to parse /usr/bin/nm -B output from gcc -std=gnu99 object
configure:9132: gcc -std=gnu99 -c -g -O2 -fvisibility=hidden -fPIC -fPIE -fno-strict-aliasing -fno-strict-overflow -fstack-protector -Wwrite-strings -Wdiv-by-zero  -D_FORTIFY_SOURCE=2 conftest.c >&5
configure:9135: $? = 0
configure:9139: /usr/bin/nm -B conftest.o \| sed -n -e 's/^.*[ ]\([ABCDGIRSTW][ABCDGIRSTW]*\)[ ][ ]*\([_A-Za-z][_A-Za-z0-9]*\)$/\1 \2 \2/p' | sed '/ __gnu_lto/d' \> conftest.nm
configure:9142: $? = 0
configure:9208: gcc -std=gnu99 -o conftest -g -O2 -fvisibility=hidden -fPIC -fPIE -fno-strict-aliasing -fno-strict-overflow -fstack-protector -Wwrite-strings -Wdiv-by-zero  -D_FORTIFY_SOURCE=2  -pie -Wl,-z,relro -Wl,-z,now -Wl,-z,noexecstack conftest.c conftstm.o >&5
configure:9211: $? = 0
configure:9249: result: ok
configure:9296: checking for sysroot
configure:9326: result: no
configure:9333: checking for a working dd
configure:9371: result: /bin/dd
configure:9375: checking how to truncate binary pipes
configure:9390: result: /bin/dd bs=4096 count=1
configure:9526: gcc -std=gnu99 -c -g -O2 -fvisibility=hidden -fPIC -fPIE -fno-strict-aliasing -fno-strict-overflow -fstack-protector -Wwrite-strings -Wdiv-by-zero  -D_FORTIFY_SOURCE=2 conftest.c >&5
configure:9529: $? = 0
configure:9719: checking for mt
configure:9749: result: no
configure:9769: checking if : is a manifest tool
configure:9775: : '-?'
configure:9783: result: no
configure:10457: checking for dlfcn.h
configure:10457: gcc -std=gnu99 -c -g -O2 -fvisibility=hidden -fPIC -fPIE -fno-strict-aliasing -fno-strict-overflow -fstack-protector -Wwrite-strings -Wdiv-by-zero  -D_FORTIFY_SOURCE=2 conftest.c >&5
configure:10457: $? = 0
configure:10457: result: yes
configure:10713: checking for objdir
configure:10728: result: .libs
configure:10992: checking if gcc -std=gnu99 supports -fno-rtti -fno-exceptions
configure:11010: gcc -std=gnu99 -c -g -O2 -fvisibility=hidden -fPIC -fPIE -fno-strict-aliasing -fno-strict-overflow -fstack-protector -Wwrite-strings -Wdiv-by-zero  -D_FORTIFY_SOURCE=2 -fno-rtti -fno-exceptions conftest.c >&5
cc1: warning: command line option "-fno-rtti" is valid for C++/ObjC++ but not for C
configure:11014: $? = 0
configure:11027: result: no
configure:11385: checking for gcc -std=gnu99 option to produce PIC
configure:11392: result: -fPIC -DPIC
configure:11400: checking if gcc -std=gnu99 PIC flag -fPIC -DPIC works
configure:11418: gcc -std=gnu99 -c -g -O2 -fvisibility=hidden -fPIC -fPIE -fno-strict-aliasing -fno-strict-overflow -fstack-protector -Wwrite-strings -Wdiv-by-zero  -D_FORTIFY_SOURCE=2 -fPIC -DPIC -DPIC conftest.c >&5
configure:11422: $? = 0
configure:11435: result: yes
configure:11464: checking if gcc -std=gnu99 static flag -static works
configure:11492: result: no
configure:11507: checking if gcc -std=gnu99 supports -c -o file.o
configure:11528: gcc -std=gnu99 -c -g -O2 -fvisibility=hidden -fPIC -fPIE -fno-strict-aliasing -fno-strict-overflow -fstack-protector -Wwrite-strings -Wdiv-by-zero  -D_FORTIFY_SOURCE=2 -o out/conftest2.o conftest.c >&5
configure:11532: $? = 0
configure:11554: result: yes
configure:11562: checking if gcc -std=gnu99 supports -c -o file.o
configure:11609: result: yes
configure:11642: checking whether the gcc -std=gnu99 linker (/usr/bin/ld -m elf_x86_64) supports shared libraries
configure:12901: result: yes
configure:12938: checking whether -lc should be explicitly linked in
configure:12946: gcc -std=gnu99 -c -g -O2 -fvisibility=hidden -fPIC -fPIE -fno-strict-aliasing -fno-strict-overflow -fstack-protector -Wwrite-strings -Wdiv-by-zero  -D_FORTIFY_SOURCE=2 conftest.c >&5
configure:12949: $? = 0
configure:12964: gcc -std=gnu99 -shared  -fPIC -DPIC conftest.o  -v -Wl,-soname -Wl,conftest -o conftest 2\>\&1 \| /bin/grep  -lc  \>/dev/null 2\>\&1
configure:12967: $? = 0
configure:12981: result: no
configure:13141: checking dynamic linker characteristics
configure:13722: gcc -std=gnu99 -o conftest -g -O2 -fvisibility=hidden -fPIC -fPIE -fno-strict-aliasing -fno-strict-overflow -fstack-protector -Wwrite-strings -Wdiv-by-zero  -D_FORTIFY_SOURCE=2  -pie -Wl,-z,relro -Wl,-z,now -Wl,-z,noexecstack -Wl,-rpath -Wl,/foo conftest.c  >&5
configure:13722: $? = 0
configure:13959: result: GNU/Linux ld.so
configure:14081: checking how to hardcode library paths into programs
configure:14106: result: immediate
configure:14654: checking whether stripping libraries is possible
configure:14659: result: yes
configure:14694: checking if libtool supports shared libraries
configure:14696: result: yes
configure:14699: checking whether to build shared libraries
configure:14724: result: yes
configure:14727: checking whether to build static libraries
configure:14731: result: yes
configure:14814: checking for ar
configure:14841: result: ar
configure:14868: checking for MMX instructions set
configure:14871: checking whether C compiler accepts -mmmx
configure:14890: gcc -std=gnu99 -c -g -O2 -fvisibility=hidden -fPIC -fPIE -fno-strict-aliasing -fno-strict-overflow -fstack-protector -Wwrite-strings -Wdiv-by-zero  -mmmx  -D_FORTIFY_SOURCE=2 conftest.c >&5
configure:14890: $? = 0
configure:14898: result: yes
configure:14920: gcc -std=gnu99 -c -g -O2 -fvisibility=hidden -fPIC -fPIE -fno-strict-aliasing -fno-strict-overflow -fstack-protector -Wwrite-strings -Wdiv-by-zero -mmmx  -D_FORTIFY_SOURCE=2 conftest.c >&5
configure:14920: $? = 0
configure:14921: result: yes
configure:14926: checking whether C compiler accepts -mmmx
configure:14953: result: yes
configure:14968: checking for SSE2 instructions set
configure:14971: checking whether C compiler accepts -msse2
configure:14990: gcc -std=gnu99 -c -g -O2 -fvisibility=hidden -fPIC -fPIE -fno-strict-aliasing -fno-strict-overflow -fstack-protector -Wwrite-strings -Wdiv-by-zero  -msse2  -D_FORTIFY_SOURCE=2 conftest.c >&5
configure:14990: $? = 0
configure:14998: result: yes
configure:15024: gcc -std=gnu99 -c -g -O2 -fvisibility=hidden -fPIC -fPIE -fno-strict-aliasing -fno-strict-overflow -fstack-protector -Wwrite-strings -Wdiv-by-zero -msse2  -D_FORTIFY_SOURCE=2 conftest.c >&5
configure:15024: $? = 0
configure:15025: result: yes
configure:15030: checking whether C compiler accepts -msse2
configure:15057: result: yes
configure:15073: checking whether C compiler accepts -msse3
configure:15092: gcc -std=gnu99 -c -g -O2 -fvisibility=hidden -fPIC -fPIE -fno-strict-aliasing -fno-strict-overflow -fstack-protector -Wwrite-strings -Wdiv-by-zero  -msse3  -D_FORTIFY_SOURCE=2 conftest.c >&5
configure:15092: $? = 0
configure:15100: result: yes
configure:15108: checking for SSE3 instructions set
configure:15125: gcc -std=gnu99 -c -g -O2 -fvisibility=hidden -fPIC -fPIE -fno-strict-aliasing -fno-strict-overflow -fstack-protector -Wwrite-strings -Wdiv-by-zero -msse3  -D_FORTIFY_SOURCE=2 conftest.c >&5
configure:15125: $? = 0
configure:15126: result: yes
configure:15131: checking whether C compiler accepts -msse3
configure:15158: result: yes
configure:15174: checking whether C compiler accepts -mssse3
configure:15193: gcc -std=gnu99 -c -g -O2 -fvisibility=hidden -fPIC -fPIE -fno-strict-aliasing -fno-strict-overflow -fstack-protector -Wwrite-strings -Wdiv-by-zero  -mssse3  -D_FORTIFY_SOURCE=2 conftest.c >&5
configure:15193: $? = 0
configure:15201: result: yes
configure:15209: checking for SSSE3 instructions set
configure:15225: gcc -std=gnu99 -c -g -O2 -fvisibility=hidden -fPIC -fPIE -fno-strict-aliasing -fno-strict-overflow -fstack-protector -Wwrite-strings -Wdiv-by-zero -mssse3  -D_FORTIFY_SOURCE=2 conftest.c >&5
configure:15225: $? = 0
configure:15226: result: yes
configure:15231: checking whether C compiler accepts -mssse3
configure:15258: result: yes
configure:15274: checking whether C compiler accepts -msse4.1
configure:15293: gcc -std=gnu99 -c -g -O2 -fvisibility=hidden -fPIC -fPIE -fno-strict-aliasing -fno-strict-overflow -fstack-protector -Wwrite-strings -Wdiv-by-zero  -msse4.1  -D_FORTIFY_SOURCE=2 conftest.c >&5
configure:15293: $? = 0
configure:15301: result: yes
configure:15309: checking for SSE4.1 instructions set
configure:15325: gcc -std=gnu99 -c -g -O2 -fvisibility=hidden -fPIC -fPIE -fno-strict-aliasing -fno-strict-overflow -fstack-protector -Wwrite-strings -Wdiv-by-zero -msse4.1  -D_FORTIFY_SOURCE=2 conftest.c >&5
configure:15325: $? = 0
configure:15326: result: yes
configure:15331: checking whether C compiler accepts -msse4.1
configure:15358: result: yes
configure:15374: checking whether C compiler accepts -mavx
configure:15393: gcc -std=gnu99 -c -g -O2 -fvisibility=hidden -fPIC -fPIE -fno-strict-aliasing -fno-strict-overflow -fstack-protector -Wwrite-strings -Wdiv-by-zero  -mavx  -D_FORTIFY_SOURCE=2 conftest.c >&5
configure:15393: $? = 0
configure:15401: result: yes
configure:15409: checking for AVX instructions set
configure:15425: gcc -std=gnu99 -c -g -O2 -fvisibility=hidden -fPIC -fPIE -fno-strict-aliasing -fno-strict-overflow -fstack-protector -Wwrite-strings -Wdiv-by-zero -mavx  -D_FORTIFY_SOURCE=2 conftest.c >&5
configure:15425: $? = 0
configure:15426: result: yes
configure:15431: checking whether C compiler accepts -mavx
configure:15458: result: yes
configure:15474: checking whether C compiler accepts -mavx2
configure:15493: gcc -std=gnu99 -c -g -O2 -fvisibility=hidden -fPIC -fPIE -fno-strict-aliasing -fno-strict-overflow -fstack-protector -Wwrite-strings -Wdiv-by-zero  -mavx2  -D_FORTIFY_SOURCE=2 conftest.c >&5
cc1: error: unrecognized command line option "-mavx2"
configure:15493: $? = 1
configure: failed program was:
| /* confdefs.h */
| #define PACKAGE_NAME "libsodium"
| #define PACKAGE_TARNAME "libsodium"
| #define PACKAGE_VERSION "1.0.10"
| #define PACKAGE_STRING "libsodium 1.0.10"
| #define PACKAGE_BUGREPORT "https://github.com/jedisct1/libsodium/issues"
| #define PACKAGE_URL "https://github.com/jedisct1/libsodium"
| #define PACKAGE "libsodium"
| #define VERSION "1.0.10"
| #define STDC_HEADERS 1
| #define HAVE_SYS_TYPES_H 1
| #define HAVE_SYS_STAT_H 1
| #define HAVE_STDLIB_H 1
| #define HAVE_STRING_H 1
| #define HAVE_MEMORY_H 1
| #define HAVE_STRINGS_H 1
| #define HAVE_INTTYPES_H 1
| #define HAVE_STDINT_H 1
| #define HAVE_UNISTD_H 1
| #define __EXTENSIONS__ 1
| #define _ALL_SOURCE 1
| #define _GNU_SOURCE 1
| #define _POSIX_PTHREAD_SEMANTICS 1
| #define _TANDEM_SOURCE 1
| #define HAVE_DLFCN_H 1
| #define LT_OBJDIR ".libs/"
| #define HAVE_MMINTRIN_H 1
| #define HAVE_EMMINTRIN_H 1
| #define HAVE_PMMINTRIN_H 1
| #define HAVE_TMMINTRIN_H 1
| #define HAVE_SMMINTRIN_H 1
| #define HAVE_AVXINTRIN_H 1
| /* end confdefs.h.  */
| #include <stdio.h>
| int
| main ()
| {
| char x[42U], fodder = 0;if (fodder > -1000 && fgets(x,1000,stdin)) puts(x)
|   ;
|   return 0;
| }
configure:15501: result: no
configure:15509: checking for AVX2 instructions set
configure:15525: gcc -std=gnu99 -c -g -O2 -fvisibility=hidden -fPIC -fPIE -fno-strict-aliasing -fno-strict-overflow -fstack-protector -Wwrite-strings -Wdiv-by-zero  -D_FORTIFY_SOURCE=2 conftest.c >&5
conftest.c:35: error: attribute(target("avx2")) is unknown
conftest.c: In function 'main':
conftest.c:41: error: '__m256i' undeclared (first use in this function)
conftest.c:41: error: (Each undeclared identifier is reported only once
conftest.c:41: error: for each function it appears in.)
conftest.c:41: error: expected ';' before 'x'
configure:15525: $? = 1
configure: failed program was:
| /* confdefs.h */
| #define PACKAGE_NAME "libsodium"
| #define PACKAGE_TARNAME "libsodium"
| #define PACKAGE_VERSION "1.0.10"
| #define PACKAGE_STRING "libsodium 1.0.10"
| #define PACKAGE_BUGREPORT "https://github.com/jedisct1/libsodium/issues"
| #define PACKAGE_URL "https://github.com/jedisct1/libsodium"
| #define PACKAGE "libsodium"
| #define VERSION "1.0.10"
| #define STDC_HEADERS 1
| #define HAVE_SYS_TYPES_H 1
| #define HAVE_SYS_STAT_H 1
| #define HAVE_STDLIB_H 1
| #define HAVE_STRING_H 1
| #define HAVE_MEMORY_H 1
| #define HAVE_STRINGS_H 1
| #define HAVE_INTTYPES_H 1
| #define HAVE_STDINT_H 1
| #define HAVE_UNISTD_H 1
| #define __EXTENSIONS__ 1
| #define _ALL_SOURCE 1
| #define _GNU_SOURCE 1
| #define _POSIX_PTHREAD_SEMANTICS 1
| #define _TANDEM_SOURCE 1
| #define HAVE_DLFCN_H 1
| #define LT_OBJDIR ".libs/"
| #define HAVE_MMINTRIN_H 1
| #define HAVE_EMMINTRIN_H 1
| #define HAVE_PMMINTRIN_H 1
| #define HAVE_TMMINTRIN_H 1
| #define HAVE_SMMINTRIN_H 1
| #define HAVE_AVXINTRIN_H 1
| /* end confdefs.h.  */
| 
| #pragma GCC target("avx2")
| #include <immintrin.h>
| 
| int
| main ()
| {
|  __m256i x = _mm256_abs_epi8(_mm256_setzero_si256());
|   ;
|   return 0;
| }
configure:15595: result: no
configure:15602: checking whether C compiler accepts -maes
configure:15621: gcc -std=gnu99 -c -g -O2 -fvisibility=hidden -fPIC -fPIE -fno-strict-aliasing -fno-strict-overflow -fstack-protector -Wwrite-strings -Wdiv-by-zero  -maes  -D_FORTIFY_SOURCE=2 conftest.c >&5
configure:15621: $? = 0
configure:15629: result: yes
configure:15637: checking whether C compiler accepts -mpclmul
configure:15656: gcc -std=gnu99 -c -g -O2 -fvisibility=hidden -fPIC -fPIE -fno-strict-aliasing -fno-strict-overflow -fstack-protector -Wwrite-strings -Wdiv-by-zero -maes  -mpclmul  -D_FORTIFY_SOURCE=2 conftest.c >&5
configure:15656: $? = 0
configure:15664: result: yes
configure:15672: checking for AESNI instructions set and PCLMULQDQ
configure:15690: gcc -std=gnu99 -c -g -O2 -fvisibility=hidden -fPIC -fPIE -fno-strict-aliasing -fno-strict-overflow -fstack-protector -Wwrite-strings -Wdiv-by-zero -maes -mpclmul  -D_FORTIFY_SOURCE=2 conftest.c >&5
configure:15690: $? = 0
configure:15691: result: yes
configure:15696: checking whether C compiler accepts -maes
configure:15723: result: yes
configure:15731: checking whether C compiler accepts -mpclmul
configure:15758: result: yes
configure:15789: checking sys/mman.h usability
configure:15789: gcc -std=gnu99 -c -g -O2 -fvisibility=hidden -fPIC -fPIE -fno-strict-aliasing -fno-strict-overflow -fstack-protector -Wwrite-strings -Wdiv-by-zero  -D_FORTIFY_SOURCE=2 conftest.c >&5
configure:15789: $? = 0
configure:15789: result: yes
configure:15789: checking sys/mman.h presence
configure:15789: gcc -std=gnu99 -E  -D_FORTIFY_SOURCE=2 conftest.c
configure:15789: $? = 0
configure:15789: result: yes
configure:15789: checking for sys/mman.h
configure:15789: result: yes
configure:15801: checking for inline
configure:15817: gcc -std=gnu99 -c -g -O2 -fvisibility=hidden -fPIC -fPIE -fno-strict-aliasing -fno-strict-overflow -fstack-protector -Wwrite-strings -Wdiv-by-zero  -D_FORTIFY_SOURCE=2 conftest.c >&5
configure:15817: $? = 0
configure:15825: result: inline
configure:15850: checking whether byte ordering is bigendian
configure:16056: result: no
configure:16076: checking whether __STDC_LIMIT_MACROS is required
configure:16095: gcc -std=gnu99 -c -g -O2 -fvisibility=hidden -fPIC -fPIE -fno-strict-aliasing -fno-strict-overflow -fstack-protector -Wwrite-strings -Wdiv-by-zero  -D_FORTIFY_SOURCE=2 conftest.c >&5
configure:16095: $? = 0
configure:16096: result: no
configure:16109: checking whether we can use x86_64 asm code
configure:16139: gcc -std=gnu99 -c -g -O2 -fvisibility=hidden -fPIC -fPIE -fno-strict-aliasing -fno-strict-overflow -fstack-protector -Wwrite-strings -Wdiv-by-zero  -D_FORTIFY_SOURCE=2 conftest.c >&5
configure:16139: $? = 0
configure:16140: result: yes
configure:16166: checking whether we can assemble AVX opcodes
configure:16190: gcc -std=gnu99 -c -g -O2 -fvisibility=hidden -fPIC -fPIE -fno-strict-aliasing -fno-strict-overflow -fstack-protector -Wwrite-strings -Wdiv-by-zero  -D_FORTIFY_SOURCE=2 conftest.c >&5
configure:16190: $? = 0
configure:16191: result: yes
configure:16214: checking for 128-bit arithmetic
configure:16254: gcc -std=gnu99 -c -g -O2 -fvisibility=hidden -fPIC -fPIE -fno-strict-aliasing -fno-strict-overflow -fstack-protector -Wwrite-strings -Wdiv-by-zero  -D_FORTIFY_SOURCE=2 conftest.c >&5
configure:16254: $? = 0
configure:16255: result: yes
configure:16279: checking for cpuid instruction
configure:16298: gcc -std=gnu99 -c -g -O2 -fvisibility=hidden -fPIC -fPIE -fno-strict-aliasing -fno-strict-overflow -fstack-protector -Wwrite-strings -Wdiv-by-zero  -D_FORTIFY_SOURCE=2 conftest.c >&5
configure:16298: $? = 0
configure:16299: result: yes
configure:16317: checking if the .private_extern asm directive is supported
configure:16339: gcc -std=gnu99 -o conftest -g -O2 -fvisibility=hidden -fPIC -fPIE -fno-strict-aliasing -fno-strict-overflow -fstack-protector -Wwrite-strings -Wdiv-by-zero  -D_FORTIFY_SOURCE=2  -pie -Wl,-z,relro -Wl,-z,now -Wl,-z,noexecstack conftest.c  >&5
conftest.c: Assembler messages:
conftest.c:46: Error: unknown pseudo-op: `.private_extern'
conftest.c:47: Error: unknown pseudo-op: `.private_extern'
configure:16339: $? = 1
configure: failed program was:
| /* confdefs.h */
| #define PACKAGE_NAME "libsodium"
| #define PACKAGE_TARNAME "libsodium"
| #define PACKAGE_VERSION "1.0.10"
| #define PACKAGE_STRING "libsodium 1.0.10"
| #define PACKAGE_BUGREPORT "https://github.com/jedisct1/libsodium/issues"
| #define PACKAGE_URL "https://github.com/jedisct1/libsodium"
| #define PACKAGE "libsodium"
| #define VERSION "1.0.10"
| #define STDC_HEADERS 1
| #define HAVE_SYS_TYPES_H 1
| #define HAVE_SYS_STAT_H 1
| #define HAVE_STDLIB_H 1
| #define HAVE_STRING_H 1
| #define HAVE_MEMORY_H 1
| #define HAVE_STRINGS_H 1
| #define HAVE_INTTYPES_H 1
| #define HAVE_STDINT_H 1
| #define HAVE_UNISTD_H 1
| #define __EXTENSIONS__ 1
| #define _ALL_SOURCE 1
| #define _GNU_SOURCE 1
| #define _POSIX_PTHREAD_SEMANTICS 1
| #define _TANDEM_SOURCE 1
| #define HAVE_DLFCN_H 1
| #define LT_OBJDIR ".libs/"
| #define HAVE_MMINTRIN_H 1
| #define HAVE_EMMINTRIN_H 1
| #define HAVE_PMMINTRIN_H 1
| #define HAVE_TMMINTRIN_H 1
| #define HAVE_SMMINTRIN_H 1
| #define HAVE_AVXINTRIN_H 1
| #define HAVE_WMMINTRIN_H 1
| #define HAVE_SYS_MMAN_H 1
| #define NATIVE_LITTLE_ENDIAN 1
| #define HAVE_AMD64_ASM 1
| #define HAVE_AVX_ASM 1
| #define HAVE_TI_MODE 1
| #define HAVE_CPUID 1
| /* end confdefs.h.  */
| 
| int
| main ()
| {
| 
| __asm__ __volatile__ (".private_extern dummy_symbol \n"
|                       ".private_extern _dummy_symbol \n"
|                       ".globl dummy_symbol \n"
|                       ".globl _dummy_symbol \n"
|                       "dummy_symbol: \n"
|                       "_dummy_symbol: \n"
|                       "    nop \n"
| );
| 
|   ;
|   return 0;
| }
configure:16344: result: no
configure:16350: checking if the .hidden asm directive is supported
configure:16372: gcc -std=gnu99 -o conftest -g -O2 -fvisibility=hidden -fPIC -fPIE -fno-strict-aliasing -fno-strict-overflow -fstack-protector -Wwrite-strings -Wdiv-by-zero  -D_FORTIFY_SOURCE=2  -pie -Wl,-z,relro -Wl,-z,now -Wl,-z,noexecstack conftest.c  >&5
configure:16372: $? = 0
configure:16373: result: yes
configure:16402: checking if weak symbols are supported
configure:16419: gcc -std=gnu99 -o conftest -g -O2 -fvisibility=hidden -fPIC -fPIE -fno-strict-aliasing -fno-strict-overflow -fstack-protector -Wwrite-strings -Wdiv-by-zero  -D_FORTIFY_SOURCE=2  -pie -Wl,-z,relro -Wl,-z,now -Wl,-z,noexecstack conftest.c  >&5
configure:16419: $? = 0
configure:16420: result: yes
configure:16432: checking if data alignment is required
configure:16466: result: no
configure:16479: checking for arc4random
configure:16479: gcc -std=gnu99 -o conftest -g -O2 -fvisibility=hidden -fPIC -fPIE -fno-strict-aliasing -fno-strict-overflow -fstack-protector -Wwrite-strings -Wdiv-by-zero  -D_FORTIFY_SOURCE=2  -pie -Wl,-z,relro -Wl,-z,now -Wl,-z,noexecstack conftest.c  >&5
/tmp/cclBc5EY.o: In function `main':
/home/libsodium-1.0.10/conftest.c:78: undefined reference to `arc4random'
collect2: ld returned 1 exit status
configure:16479: $? = 1
configure: failed program was:
| /* confdefs.h */
| #define PACKAGE_NAME "libsodium"
| #define PACKAGE_TARNAME "libsodium"
| #define PACKAGE_VERSION "1.0.10"
| #define PACKAGE_STRING "libsodium 1.0.10"
| #define PACKAGE_BUGREPORT "https://github.com/jedisct1/libsodium/issues"
| #define PACKAGE_URL "https://github.com/jedisct1/libsodium"
| #define PACKAGE "libsodium"
| #define VERSION "1.0.10"
| #define STDC_HEADERS 1
| #define HAVE_SYS_TYPES_H 1
| #define HAVE_SYS_STAT_H 1
| #define HAVE_STDLIB_H 1
| #define HAVE_STRING_H 1
| #define HAVE_MEMORY_H 1
| #define HAVE_STRINGS_H 1
| #define HAVE_INTTYPES_H 1
| #define HAVE_STDINT_H 1
| #define HAVE_UNISTD_H 1
| #define __EXTENSIONS__ 1
| #define _ALL_SOURCE 1
| #define _GNU_SOURCE 1
| #define _POSIX_PTHREAD_SEMANTICS 1
| #define _TANDEM_SOURCE 1
| #define HAVE_DLFCN_H 1
| #define LT_OBJDIR ".libs/"
| #define HAVE_MMINTRIN_H 1
| #define HAVE_EMMINTRIN_H 1
| #define HAVE_PMMINTRIN_H 1
| #define HAVE_TMMINTRIN_H 1
| #define HAVE_SMMINTRIN_H 1
| #define HAVE_AVXINTRIN_H 1
| #define HAVE_WMMINTRIN_H 1
| #define HAVE_SYS_MMAN_H 1
| #define NATIVE_LITTLE_ENDIAN 1
| #define HAVE_AMD64_ASM 1
| #define HAVE_AVX_ASM 1
| #define HAVE_TI_MODE 1
| #define HAVE_CPUID 1
| #define ASM_HIDE_SYMBOL .hidden
| #define HAVE_WEAK_SYMBOLS 1
| #define CPU_UNALIGNED_ACCESS 1
| /* end confdefs.h.  */
| /* Define arc4random to an innocuous variant, in case <limits.h> declares arc4random.
|    For example, HP-UX 11i <limits.h> declares gettimeofday.  */
| #define arc4random innocuous_arc4random
| 
| /* System header to define __stub macros and hopefully few prototypes,
|     which can conflict with char arc4random (); below.
|     Prefer <limits.h> to <assert.h> if __STDC__ is defined, since
|     <limits.h> exists even on freestanding compilers.  */
| 
| #ifdef __STDC__
| # include <limits.h>
| #else
| # include <assert.h>
| #endif
| 
| #undef arc4random
| 
| /* Override any GCC internal prototype to avoid an error.
|    Use char because int might match the return type of a GCC
|    builtin and then its argument prototype would still apply.  */
| #ifdef __cplusplus
| extern "C"
| #endif
| char arc4random ();
| /* The GNU C library defines this for functions which it implements
|     to always fail with ENOSYS.  Some functions are actually named
|     something starting with __ and the normal name is an alias.  */
| #if defined __stub_arc4random || defined __stub___arc4random
| choke me
| #endif
| 
| int
| main ()
| {
| return arc4random ();
|   ;
|   return 0;
| }
configure:16479: result: no
configure:16479: checking for arc4random_buf
configure:16479: gcc -std=gnu99 -o conftest -g -O2 -fvisibility=hidden -fPIC -fPIE -fno-strict-aliasing -fno-strict-overflow -fstack-protector -Wwrite-strings -Wdiv-by-zero  -D_FORTIFY_SOURCE=2  -pie -Wl,-z,relro -Wl,-z,now -Wl,-z,noexecstack conftest.c  >&5
/tmp/cc5fjWI7.o: In function `main':
/home/libsodium-1.0.10/conftest.c:78: undefined reference to `arc4random_buf'
collect2: ld returned 1 exit status
configure:16479: $? = 1
configure: failed program was:
| /* confdefs.h */
| #define PACKAGE_NAME "libsodium"
| #define PACKAGE_TARNAME "libsodium"
| #define PACKAGE_VERSION "1.0.10"
| #define PACKAGE_STRING "libsodium 1.0.10"
| #define PACKAGE_BUGREPORT "https://github.com/jedisct1/libsodium/issues"
| #define PACKAGE_URL "https://github.com/jedisct1/libsodium"
| #define PACKAGE "libsodium"
| #define VERSION "1.0.10"
| #define STDC_HEADERS 1
| #define HAVE_SYS_TYPES_H 1
| #define HAVE_SYS_STAT_H 1
| #define HAVE_STDLIB_H 1
| #define HAVE_STRING_H 1
| #define HAVE_MEMORY_H 1
| #define HAVE_STRINGS_H 1
| #define HAVE_INTTYPES_H 1
| #define HAVE_STDINT_H 1
| #define HAVE_UNISTD_H 1
| #define __EXTENSIONS__ 1
| #define _ALL_SOURCE 1
| #define _GNU_SOURCE 1
| #define _POSIX_PTHREAD_SEMANTICS 1
| #define _TANDEM_SOURCE 1
| #define HAVE_DLFCN_H 1
| #define LT_OBJDIR ".libs/"
| #define HAVE_MMINTRIN_H 1
| #define HAVE_EMMINTRIN_H 1
| #define HAVE_PMMINTRIN_H 1
| #define HAVE_TMMINTRIN_H 1
| #define HAVE_SMMINTRIN_H 1
| #define HAVE_AVXINTRIN_H 1
| #define HAVE_WMMINTRIN_H 1
| #define HAVE_SYS_MMAN_H 1
| #define NATIVE_LITTLE_ENDIAN 1
| #define HAVE_AMD64_ASM 1
| #define HAVE_AVX_ASM 1
| #define HAVE_TI_MODE 1
| #define HAVE_CPUID 1
| #define ASM_HIDE_SYMBOL .hidden
| #define HAVE_WEAK_SYMBOLS 1
| #define CPU_UNALIGNED_ACCESS 1
| /* end confdefs.h.  */
| /* Define arc4random_buf to an innocuous variant, in case <limits.h> declares arc4random_buf.
|    For example, HP-UX 11i <limits.h> declares gettimeofday.  */
| #define arc4random_buf innocuous_arc4random_buf
| 
| /* System header to define __stub macros and hopefully few prototypes,
|     which can conflict with char arc4random_buf (); below.
|     Prefer <limits.h> to <assert.h> if __STDC__ is defined, since
|     <limits.h> exists even on freestanding compilers.  */
| 
| #ifdef __STDC__
| # include <limits.h>
| #else
| # include <assert.h>
| #endif
| 
| #undef arc4random_buf
| 
| /* Override any GCC internal prototype to avoid an error.
|    Use char because int might match the return type of a GCC
|    builtin and then its argument prototype would still apply.  */
| #ifdef __cplusplus
| extern "C"
| #endif
| char arc4random_buf ();
| /* The GNU C library defines this for functions which it implements
|     to always fail with ENOSYS.  Some functions are actually named
|     something starting with __ and the normal name is an alias.  */
| #if defined __stub_arc4random_buf || defined __stub___arc4random_buf
| choke me
| #endif
| 
| int
| main ()
| {
| return arc4random_buf ();
|   ;
|   return 0;
| }
configure:16479: result: no
configure:16491: checking for mmap
configure:16491: gcc -std=gnu99 -o conftest -g -O2 -fvisibility=hidden -fPIC -fPIE -fno-strict-aliasing -fno-strict-overflow -fstack-protector -Wwrite-strings -Wdiv-by-zero  -D_FORTIFY_SOURCE=2  -pie -Wl,-z,relro -Wl,-z,now -Wl,-z,noexecstack conftest.c  >&5
configure:16491: $? = 0
configure:16491: result: yes
configure:16491: checking for mlock
configure:16491: gcc -std=gnu99 -o conftest -g -O2 -fvisibility=hidden -fPIC -fPIE -fno-strict-aliasing -fno-strict-overflow -fstack-protector -Wwrite-strings -Wdiv-by-zero  -D_FORTIFY_SOURCE=2  -pie -Wl,-z,relro -Wl,-z,now -Wl,-z,noexecstack conftest.c  >&5
configure:16491: $? = 0
configure:16491: result: yes
configure:16491: checking for madvise
configure:16491: gcc -std=gnu99 -o conftest -g -O2 -fvisibility=hidden -fPIC -fPIE -fno-strict-aliasing -fno-strict-overflow -fstack-protector -Wwrite-strings -Wdiv-by-zero  -D_FORTIFY_SOURCE=2  -pie -Wl,-z,relro -Wl,-z,now -Wl,-z,noexecstack conftest.c  >&5
configure:16491: $? = 0
configure:16491: result: yes
configure:16491: checking for mprotect
configure:16491: gcc -std=gnu99 -o conftest -g -O2 -fvisibility=hidden -fPIC -fPIE -fno-strict-aliasing -fno-strict-overflow -fstack-protector -Wwrite-strings -Wdiv-by-zero  -D_FORTIFY_SOURCE=2  -pie -Wl,-z,relro -Wl,-z,now -Wl,-z,noexecstack conftest.c  >&5
configure:16491: $? = 0
configure:16491: result: yes
configure:16491: checking for explicit_bzero
configure:16491: gcc -std=gnu99 -o conftest -g -O2 -fvisibility=hidden -fPIC -fPIE -fno-strict-aliasing -fno-strict-overflow -fstack-protector -Wwrite-strings -Wdiv-by-zero  -D_FORTIFY_SOURCE=2  -pie -Wl,-z,relro -Wl,-z,now -Wl,-z,noexecstack conftest.c  >&5
/tmp/ccPJuaHC.o: In function `main':
/home/libsodium-1.0.10/conftest.c:82: undefined reference to `explicit_bzero'
collect2: ld returned 1 exit status
configure:16491: $? = 1
configure: failed program was:
| /* confdefs.h */
| #define PACKAGE_NAME "libsodium"
| #define PACKAGE_TARNAME "libsodium"
| #define PACKAGE_VERSION "1.0.10"
| #define PACKAGE_STRING "libsodium 1.0.10"
| #define PACKAGE_BUGREPORT "https://github.com/jedisct1/libsodium/issues"
| #define PACKAGE_URL "https://github.com/jedisct1/libsodium"
| #define PACKAGE "libsodium"
| #define VERSION "1.0.10"
| #define STDC_HEADERS 1
| #define HAVE_SYS_TYPES_H 1
| #define HAVE_SYS_STAT_H 1
| #define HAVE_STDLIB_H 1
| #define HAVE_STRING_H 1
| #define HAVE_MEMORY_H 1
| #define HAVE_STRINGS_H 1
| #define HAVE_INTTYPES_H 1
| #define HAVE_STDINT_H 1
| #define HAVE_UNISTD_H 1
| #define __EXTENSIONS__ 1
| #define _ALL_SOURCE 1
| #define _GNU_SOURCE 1
| #define _POSIX_PTHREAD_SEMANTICS 1
| #define _TANDEM_SOURCE 1
| #define HAVE_DLFCN_H 1
| #define LT_OBJDIR ".libs/"
| #define HAVE_MMINTRIN_H 1
| #define HAVE_EMMINTRIN_H 1
| #define HAVE_PMMINTRIN_H 1
| #define HAVE_TMMINTRIN_H 1
| #define HAVE_SMMINTRIN_H 1
| #define HAVE_AVXINTRIN_H 1
| #define HAVE_WMMINTRIN_H 1
| #define HAVE_SYS_MMAN_H 1
| #define NATIVE_LITTLE_ENDIAN 1
| #define HAVE_AMD64_ASM 1
| #define HAVE_AVX_ASM 1
| #define HAVE_TI_MODE 1
| #define HAVE_CPUID 1
| #define ASM_HIDE_SYMBOL .hidden
| #define HAVE_WEAK_SYMBOLS 1
| #define CPU_UNALIGNED_ACCESS 1
| #define HAVE_MMAP 1
| #define HAVE_MLOCK 1
| #define HAVE_MADVISE 1
| #define HAVE_MPROTECT 1
| /* end confdefs.h.  */
| /* Define explicit_bzero to an innocuous variant, in case <limits.h> declares explicit_bzero.
|    For example, HP-UX 11i <limits.h> declares gettimeofday.  */
| #define explicit_bzero innocuous_explicit_bzero
| 
| /* System header to define __stub macros and hopefully few prototypes,
|     which can conflict with char explicit_bzero (); below.
|     Prefer <limits.h> to <assert.h> if __STDC__ is defined, since
|     <limits.h> exists even on freestanding compilers.  */
| 
| #ifdef __STDC__
| # include <limits.h>
| #else
| # include <assert.h>
| #endif
| 
| #undef explicit_bzero
| 
| /* Override any GCC internal prototype to avoid an error.
|    Use char because int might match the return type of a GCC
|    builtin and then its argument prototype would still apply.  */
| #ifdef __cplusplus
| extern "C"
| #endif
| char explicit_bzero ();
| /* The GNU C library defines this for functions which it implements
|     to always fail with ENOSYS.  Some functions are actually named
|     something starting with __ and the normal name is an alias.  */
| #if defined __stub_explicit_bzero || defined __stub___explicit_bzero
| choke me
| #endif
| 
| int
| main ()
| {
| return explicit_bzero ();
|   ;
|   return 0;
| }
configure:16491: result: no
configure:16505: checking for posix_memalign
configure:16505: gcc -std=gnu99 -o conftest -g -O2 -fvisibility=hidden -fPIC -fPIE -fno-strict-aliasing -fno-strict-overflow -fstack-protector -Wwrite-strings -Wdiv-by-zero  -D_FORTIFY_SOURCE=2  -pie -Wl,-z,relro -Wl,-z,now -Wl,-z,noexecstack conftest.c  >&5
configure:16505: $? = 0
configure:16505: result: yes
configure:16505: checking for getpid
configure:16505: gcc -std=gnu99 -o conftest -g -O2 -fvisibility=hidden -fPIC -fPIE -fno-strict-aliasing -fno-strict-overflow -fstack-protector -Wwrite-strings -Wdiv-by-zero  -D_FORTIFY_SOURCE=2  -pie -Wl,-z,relro -Wl,-z,now -Wl,-z,noexecstack conftest.c  >&5
configure:16505: $? = 0
configure:16505: result: yes
configure:16843: checking if gcc/ld supports -Wl,--output-def
configure:16864: gcc -std=gnu99 -o conftest -g -O2 -fvisibility=hidden -fPIC -fPIE -fno-strict-aliasing -fno-strict-overflow -fstack-protector -Wwrite-strings -Wdiv-by-zero  -D_FORTIFY_SOURCE=2 -Wl,--output-def,conftest.def conftest.c  >&5
/usr/bin/ld: unrecognized option '--output-def'
/usr/bin/ld: use the --help option for usage information
collect2: ld returned 1 exit status
configure:16864: $? = 1
configure: failed program was:
| /* confdefs.h */
| #define PACKAGE_NAME "libsodium"
| #define PACKAGE_TARNAME "libsodium"
| #define PACKAGE_VERSION "1.0.10"
| #define PACKAGE_STRING "libsodium 1.0.10"
| #define PACKAGE_BUGREPORT "https://github.com/jedisct1/libsodium/issues"
| #define PACKAGE_URL "https://github.com/jedisct1/libsodium"
| #define PACKAGE "libsodium"
| #define VERSION "1.0.10"
| #define STDC_HEADERS 1
| #define HAVE_SYS_TYPES_H 1
| #define HAVE_SYS_STAT_H 1
| #define HAVE_STDLIB_H 1
| #define HAVE_STRING_H 1
| #define HAVE_MEMORY_H 1
| #define HAVE_STRINGS_H 1
| #define HAVE_INTTYPES_H 1
| #define HAVE_STDINT_H 1
| #define HAVE_UNISTD_H 1
| #define __EXTENSIONS__ 1
| #define _ALL_SOURCE 1
| #define _GNU_SOURCE 1
| #define _POSIX_PTHREAD_SEMANTICS 1
| #define _TANDEM_SOURCE 1
| #define HAVE_DLFCN_H 1
| #define LT_OBJDIR ".libs/"
| #define HAVE_MMINTRIN_H 1
| #define HAVE_EMMINTRIN_H 1
| #define HAVE_PMMINTRIN_H 1
| #define HAVE_TMMINTRIN_H 1
| #define HAVE_SMMINTRIN_H 1
| #define HAVE_AVXINTRIN_H 1
| #define HAVE_WMMINTRIN_H 1
| #define HAVE_SYS_MMAN_H 1
| #define NATIVE_LITTLE_ENDIAN 1
| #define HAVE_AMD64_ASM 1
| #define HAVE_AVX_ASM 1
| #define HAVE_TI_MODE 1
| #define HAVE_CPUID 1
| #define ASM_HIDE_SYMBOL .hidden
| #define HAVE_WEAK_SYMBOLS 1
| #define CPU_UNALIGNED_ACCESS 1
| #define HAVE_MMAP 1
| #define HAVE_MLOCK 1
| #define HAVE_MADVISE 1
| #define HAVE_MPROTECT 1
| #define HAVE_POSIX_MEMALIGN 1
| #define HAVE_GETPID 1
| /* end confdefs.h.  */
| 
| int
| main ()
| {
| 
|   ;
|   return 0;
| }
configure:16875: result: no
configure:17037: checking that generated files are newer than configure
configure:17043: result: done
configure:17106: creating ./config.status

## ---------------------- ##
## Running config.status. ##
## ---------------------- ##

This file was extended by libsodium config.status 1.0.10, which was
generated by GNU Autoconf 2.69.  Invocation command line was

  CONFIG_FILES    = 
  CONFIG_HEADERS  = 
  CONFIG_LINKS    = 
  CONFIG_COMMANDS = 
  $ ./config.status 

on para27

config.status:1080: creating Makefile
config.status:1080: creating dist-build/Makefile
config.status:1080: creating libsodium.pc
config.status:1080: creating libsodium-uninstalled.pc
config.status:1080: creating msvc-scripts/Makefile
config.status:1080: creating src/Makefile
config.status:1080: creating src/libsodium/Makefile
config.status:1080: creating src/libsodium/include/Makefile
config.status:1080: creating src/libsodium/include/sodium/version.h
config.status:1080: creating test/default/Makefile
config.status:1080: creating test/Makefile
config.status:1252: executing depfiles commands
config.status:1252: executing libtool commands

## ---------------- ##
## Cache variables. ##
## ---------------- ##

ac_cv_build=x86_64-unknown-linux-gnu
ac_cv_c_bigendian=no
ac_cv_c_compiler_gnu=yes
ac_cv_c_inline=inline
ac_cv_defined__FORTIFY_SOURCE=no
ac_cv_defined___native_client__=no
ac_cv_env_AR_set=
ac_cv_env_AR_value=
ac_cv_env_CCASFLAGS_set=
ac_cv_env_CCASFLAGS_value=
ac_cv_env_CCAS_set=
ac_cv_env_CCAS_value=
ac_cv_env_CC_set=
ac_cv_env_CC_value=
ac_cv_env_CFLAGS_set=
ac_cv_env_CFLAGS_value=
ac_cv_env_CPPFLAGS_set=
ac_cv_env_CPPFLAGS_value=
ac_cv_env_CPP_set=
ac_cv_env_CPP_value=
ac_cv_env_CWFLAGS_set=
ac_cv_env_CWFLAGS_value=
ac_cv_env_LDFLAGS_set=
ac_cv_env_LDFLAGS_value=
ac_cv_env_LIBS_set=
ac_cv_env_LIBS_value=
ac_cv_env_LT_SYS_LIBRARY_PATH_set=
ac_cv_env_LT_SYS_LIBRARY_PATH_value=
ac_cv_env_SAFECODE_HOME_set=
ac_cv_env_SAFECODE_HOME_value=
ac_cv_env_build_alias_set=
ac_cv_env_build_alias_value=
ac_cv_env_host_alias_set=
ac_cv_env_host_alias_value=
ac_cv_env_target_alias_set=
ac_cv_env_target_alias_value=
ac_cv_func_arc4random=no
ac_cv_func_arc4random_buf=no
ac_cv_func_explicit_bzero=no
ac_cv_func_getpid=yes
ac_cv_func_madvise=yes
ac_cv_func_mlock=yes
ac_cv_func_mmap=yes
ac_cv_func_mprotect=yes
ac_cv_func_posix_memalign=yes
ac_cv_header_dlfcn_h=yes
ac_cv_header_inttypes_h=yes
ac_cv_header_memory_h=yes
ac_cv_header_minix_config_h=no
ac_cv_header_stdc=yes
ac_cv_header_stdint_h=yes
ac_cv_header_stdlib_h=yes
ac_cv_header_string_h=yes
ac_cv_header_strings_h=yes
ac_cv_header_sys_mman_h=yes
ac_cv_header_sys_stat_h=yes
ac_cv_header_sys_types_h=yes
ac_cv_header_unistd_h=yes
ac_cv_host=x86_64-unknown-linux-gnu
ac_cv_objext=o
ac_cv_path_EGREP='/bin/grep -E'
ac_cv_path_FGREP='/bin/grep -F'
ac_cv_path_GREP=/bin/grep
ac_cv_path_SED=/bin/sed
ac_cv_path_install='/usr/bin/install -c'
ac_cv_path_lt_DD=/bin/dd
ac_cv_path_mkdir=/bin/mkdir
ac_cv_prog_AWK=gawk
ac_cv_prog_CPP='gcc -std=gnu99 -E'
ac_cv_prog_ac_ct_AR=ar
ac_cv_prog_ac_ct_CC=gcc
ac_cv_prog_ac_ct_OBJDUMP=objdump
ac_cv_prog_ac_ct_RANLIB=ranlib
ac_cv_prog_ac_ct_STRIP=strip
ac_cv_prog_cc_c89=
ac_cv_prog_cc_c99=-std=gnu99
ac_cv_prog_cc_g=yes
ac_cv_prog_make_make_set=yes
ac_cv_safe_to_define___extensions__=yes
am_cv_CCAS_dependencies_compiler_type=gcc3
am_cv_CC_dependencies_compiler_type=gcc3
am_cv_make_support_nested_variables=yes
am_cv_prog_cc_c_o=yes
am_cv_prog_tar_ustar=gnutar
ax_cv_check_cflags___D_FORTIFY_SOURCE_2=yes
ax_cv_check_cflags___Wdiv_by_zero=yes
ax_cv_check_cflags___Wsometimes_uninitialized=no
ax_cv_check_cflags___Wwrite_strings=yes
ax_cv_check_cflags____Wall=yes
ax_cv_check_cflags____Wall__Wextra=yes
ax_cv_check_cflags____Wall__Wextra__Wbad_function_cast=yes
ax_cv_check_cflags____Wall__Wextra__Wbad_function_cast__Wcast_align=yes
ax_cv_check_cflags____Wall__Wextra__Wbad_function_cast__Wcast_align__Wcast_qual=yes
ax_cv_check_cflags____Wall__Wextra__Wbad_function_cast__Wcast_align__Wcast_qual__Wduplicated_cond=no
ax_cv_check_cflags____Wall__Wextra__Wbad_function_cast__Wcast_align__Wcast_qual__Wfloat_equal=yes
ax_cv_check_cflags____Wall__Wextra__Wbad_function_cast__Wcast_align__Wcast_qual__Wfloat_equal__Wformat_2=yes
ax_cv_check_cflags____Wall__Wextra__Wbad_function_cast__Wcast_align__Wcast_qual__Wfloat_equal__Wformat_2__Wmissing_declarations=yes
ax_cv_check_cflags____Wall__Wextra__Wbad_function_cast__Wcast_align__Wcast_qual__Wfloat_equal__Wformat_2__Wmissing_declarations__Wmissing_prototypes=yes
ax_cv_check_cflags____Wall__Wextra__Wbad_function_cast__Wcast_align__Wcast_qual__Wfloat_equal__Wformat_2__Wmissing_declarations__Wmissing_prototypes__Wnested_externs=yes
ax_cv_check_cflags____Wall__Wextra__Wbad_function_cast__Wcast_align__Wcast_qual__Wfloat_equal__Wformat_2__Wmissing_declarations__Wmissing_prototypes__Wnested_externs__Wno_unknown_pragmas=yes
ax_cv_check_cflags____Wall__Wextra__Wbad_function_cast__Wcast_align__Wcast_qual__Wfloat_equal__Wformat_2__Wmissing_declarations__Wmissing_prototypes__Wnested_externs__Wno_unknown_pragmas__Wnormalized_id=yes
ax_cv_check_cflags____Wall__Wextra__Wbad_function_cast__Wcast_align__Wcast_qual__Wfloat_equal__Wformat_2__Wmissing_declarations__Wmissing_prototypes__Wnested_externs__Wno_unknown_pragmas__Wnormalized_id__Wnull_dereference=no
ax_cv_check_cflags____Wall__Wextra__Wbad_function_cast__Wcast_align__Wcast_qual__Wfloat_equal__Wformat_2__Wmissing_declarations__Wmissing_prototypes__Wnested_externs__Wno_unknown_pragmas__Wnormalized_id__Wpointer_arith=yes
ax_cv_check_cflags____Wall__Wextra__Wbad_function_cast__Wcast_align__Wcast_qual__Wfloat_equal__Wformat_2__Wmissing_declarations__Wmissing_prototypes__Wnested_externs__Wno_unknown_pragmas__Wnormalized_id__Wpointer_arith__Wredundant_decls=yes
ax_cv_check_cflags____Wall__Wextra__Wbad_function_cast__Wcast_align__Wcast_qual__Wfloat_equal__Wformat_2__Wmissing_declarations__Wmissing_prototypes__Wnested_externs__Wno_unknown_pragmas__Wnormalized_id__Wpointer_arith__Wredundant_decls__Wstrict_prototypes=yes
ax_cv_check_cflags____Wall__Wextra__Wbad_function_cast__Wcast_align__Wcast_qual__Wfloat_equal__Wformat_2__Wmissing_declarations__Wmissing_prototypes__Wnested_externs__Wno_unknown_pragmas__Wnormalized_id__Wpointer_arith__Wredundant_decls__Wstrict_prototypes__Wswitch_enum=yes
ax_cv_check_cflags____Wall__Wextra__Wbad_function_cast__Wcast_align__Wcast_qual__Wfloat_equal__Wformat_2__Wmissing_declarations__Wmissing_prototypes__Wnested_externs__Wno_unknown_pragmas__Wnormalized_id__Wpointer_arith__Wredundant_decls__Wstrict_prototypes__Wswitch_enum__Wvariable_decl=no
ax_cv_check_cflags___fPIC=yes
ax_cv_check_cflags___fPIE=yes
ax_cv_check_cflags___fno_strict_aliasing=yes
ax_cv_check_cflags___fno_strict_overflow=yes
ax_cv_check_cflags___fstack_protector=yes
ax_cv_check_cflags___fvisibility_hidden=yes
ax_cv_check_cflags___maes=yes
ax_cv_check_cflags___mavx2=no
ax_cv_check_cflags___mavx=yes
ax_cv_check_cflags___mmmx=yes
ax_cv_check_cflags___mpclmul=yes
ax_cv_check_cflags___msse2=yes
ax_cv_check_cflags___msse3=yes
ax_cv_check_cflags___msse4_1=yes
ax_cv_check_cflags___mssse3=yes
ax_cv_check_ldflags___Wl__z_noexecstack=yes
ax_cv_check_ldflags___Wl__z_now=yes
ax_cv_check_ldflags___Wl__z_relro=yes
ax_cv_check_ldflags___fPIC=yes
ax_cv_check_ldflags___fPIE=yes
ax_cv_check_ldflags___fstack_protector=yes
ax_cv_check_ldflags___pie=yes
gl_cv_ld_output_def=no
lt_cv_ar_at_file=@
lt_cv_archive_cmds_need_lc=no
lt_cv_deplibs_check_method=pass_all
lt_cv_file_magic_cmd='$MAGIC_CMD'
lt_cv_file_magic_test_file=
lt_cv_ld_reload_flag=-r
lt_cv_nm_interface='BSD nm'
lt_cv_objdir=.libs
lt_cv_path_LD=/usr/bin/ld
lt_cv_path_NM='/usr/bin/nm -B'
lt_cv_path_mainfest_tool=no
lt_cv_prog_compiler_c_o=yes
lt_cv_prog_compiler_pic='-fPIC -DPIC'
lt_cv_prog_compiler_pic_works=yes
lt_cv_prog_compiler_rtti_exceptions=no
lt_cv_prog_compiler_static_works=no
lt_cv_prog_gnu_ld=yes
lt_cv_sharedlib_from_linklib_cmd='printf %s\n'
lt_cv_shlibpath_overrides_runpath=no
lt_cv_sys_global_symbol_pipe='sed -n -e '\''s/^.*[	 ]\([ABCDGIRSTW][ABCDGIRSTW]*\)[	 ][	 ]*\([_A-Za-z][_A-Za-z0-9]*\)$/\1 \2 \2/p'\'' | sed '\''/ __gnu_lto/d'\'''
lt_cv_sys_global_symbol_to_c_name_address='sed -n -e '\''s/^: \(.*\) .*$/  {"\1", (void *) 0},/p'\'' -e '\''s/^[ABCDGIRSTW][ABCDGIRSTW]* .* \(.*\)$/  {"\1", (void *) \&\1},/p'\'''
lt_cv_sys_global_symbol_to_c_name_address_lib_prefix='sed -n -e '\''s/^: \(.*\) .*$/  {"\1", (void *) 0},/p'\'' -e '\''s/^[ABCDGIRSTW][ABCDGIRSTW]* .* \(lib.*\)$/  {"\1", (void *) \&\1},/p'\'' -e '\''s/^[ABCDGIRSTW][ABCDGIRSTW]* .* \(.*\)$/  {"lib\1", (void *) \&\1},/p'\'''
lt_cv_sys_global_symbol_to_cdecl='sed -n -e '\''s/^T .* \(.*\)$/extern int \1();/p'\'' -e '\''s/^[ABCDGIRSTW][ABCDGIRSTW]* .* \(.*\)$/extern char \1;/p'\'''
lt_cv_sys_global_symbol_to_import=
lt_cv_sys_max_cmd_len=1966080
lt_cv_to_host_file_cmd=func_convert_file_noop
lt_cv_to_tool_file_cmd=func_convert_file_noop
lt_cv_truncate_bin='/bin/dd bs=4096 count=1'

## ----------------- ##
## Output variables. ##
## ----------------- ##

	@echo "Need to use GNU make and reconfigure with --enable-valgrind"'
ACLOCAL='${SHELL} /home/libsodium-1.0.10/build-aux/missing aclocal-1.15'
AMDEPBACKSLASH='\'
AMDEP_FALSE='#'
AMDEP_TRUE=''
AMTAR='$${TAR-tar}'
AM_BACKSLASH='\'
AM_DEFAULT_V='$(AM_DEFAULT_VERBOSITY)'
AM_DEFAULT_VERBOSITY='0'
AM_V='$(V)'
AR='ar'
AS='as'
AUTOCONF='${SHELL} /home/libsodium-1.0.10/build-aux/missing autoconf'
AUTOHEADER='${SHELL} /home/libsodium-1.0.10/build-aux/missing autoheader'
AUTOMAKE='${SHELL} /home/libsodium-1.0.10/build-aux/missing automake-1.15'
AWK='gawk'
CC='gcc -std=gnu99'
CCAS='gcc -std=gnu99'
CCASDEPMODE='depmode=gcc3'
CCASFLAGS='-g -O2'
CCDEPMODE='depmode=gcc3'
CFLAGS='-g -O2 -fvisibility=hidden -fPIC -fPIE -fno-strict-aliasing -fno-strict-overflow -fstack-protector -Wwrite-strings -Wdiv-by-zero'
CFLAGS_AESNI='-maes'
CFLAGS_AVX2=''
CFLAGS_AVX='-mavx'
CFLAGS_MMX='-mmmx'
CFLAGS_PCLMUL='-mpclmul'
CFLAGS_SSE2='-msse2'
CFLAGS_SSE3='-msse3'
CFLAGS_SSE41='-msse4.1'
CFLAGS_SSSE3='-mssse3'
CPP='gcc -std=gnu99 -E'
CPPFLAGS=' -D_FORTIFY_SOURCE=2'
CWFLAGS=' -Wall -Wextra -Wbad-function-cast -Wcast-align -Wcast-qual -Wfloat-equal -Wformat=2 -Wmissing-declarations -Wmissing-prototypes -Wnested-externs -Wno-unknown-pragmas -Wnormalized=id -Wpointer-arith -Wredundant-decls -Wstrict-prototypes -Wswitch-enum'
CYGPATH_W='echo'
DEFS='-DPACKAGE_NAME=\"libsodium\" -DPACKAGE_TARNAME=\"libsodium\" -DPACKAGE_VERSION=\"1.0.10\" -DPACKAGE_STRING=\"libsodium\ 1.0.10\" -DPACKAGE_BUGREPORT=\"https://github.com/jedisct1/libsodium/issues\" -DPACKAGE_URL=\"https://github.com/jedisct1/libsodium\" -DPACKAGE=\"libsodium\" -DVERSION=\"1.0.10\" -DSTDC_HEADERS=1 -DHAVE_SYS_TYPES_H=1 -DHAVE_SYS_STAT_H=1 -DHAVE_STDLIB_H=1 -DHAVE_STRING_H=1 -DHAVE_MEMORY_H=1 -DHAVE_STRINGS_H=1 -DHAVE_INTTYPES_H=1 -DHAVE_STDINT_H=1 -DHAVE_UNISTD_H=1 -D__EXTENSIONS__=1 -D_ALL_SOURCE=1 -D_GNU_SOURCE=1 -D_POSIX_PTHREAD_SEMANTICS=1 -D_TANDEM_SOURCE=1 -DHAVE_DLFCN_H=1 -DLT_OBJDIR=\".libs/\" -DHAVE_MMINTRIN_H=1 -DHAVE_EMMINTRIN_H=1 -DHAVE_PMMINTRIN_H=1 -DHAVE_TMMINTRIN_H=1 -DHAVE_SMMINTRIN_H=1 -DHAVE_AVXINTRIN_H=1 -DHAVE_WMMINTRIN_H=1 -DHAVE_SYS_MMAN_H=1 -DNATIVE_LITTLE_ENDIAN=1 -DHAVE_AMD64_ASM=1 -DHAVE_AVX_ASM=1 -DHAVE_TI_MODE=1 -DHAVE_CPUID=1 -DASM_HIDE_SYMBOL=.hidden -DHAVE_WEAK_SYMBOLS=1 -DCPU_UNALIGNED_ACCESS=1 -DHAVE_MMAP=1 -DHAVE_MLOCK=1 -DHAVE_MADVISE=1 -DHAVE_MPROTECT=1 -DHAVE_POSIX_MEMALIGN=1 -DHAVE_GETPID=1'
DEPDIR='.deps'
DLLTOOL='false'
DLL_VERSION='8'
DSYMUTIL=''
DUMPBIN=''
ECHO_C=''
ECHO_N='-n'
ECHO_T=''
EGREP='/bin/grep -E'
EMSCRIPTEN_FALSE=''
EMSCRIPTEN_TRUE='#'
EXEEXT=''
FGREP='/bin/grep -F'
GREP='/bin/grep'
HAVE_AMD64_ASM_FALSE='#'
HAVE_AMD64_ASM_TRUE=''
HAVE_AMD64_ASM_V='1'
HAVE_AVX_ASM_FALSE='#'
HAVE_AVX_ASM_TRUE=''
HAVE_AVX_ASM_V='1'
HAVE_CPUID_V='1'
HAVE_LD_OUTPUT_DEF_FALSE=''
HAVE_LD_OUTPUT_DEF_TRUE='#'
HAVE_TI_MODE_FALSE='#'
HAVE_TI_MODE_TRUE=''
HAVE_TI_MODE_V='1'
INSTALL_DATA='${INSTALL} -m 644'
INSTALL_PROGRAM='${INSTALL}'
INSTALL_SCRIPT='${INSTALL}'
INSTALL_STRIP_PROGRAM='$(install_sh) -c -s'
ISODATE='2018-07-31'
LD='/usr/bin/ld -m elf_x86_64'
LDFLAGS=' -pie -Wl,-z,relro -Wl,-z,now -Wl,-z,noexecstack'
LIBOBJS=''
LIBS=''
LIBTOOL='$(SHELL) $(top_builddir)/libtool'
LIBTOOL_DEPS='build-aux/ltmain.sh'
LIBTOOL_EXTRA_FLAGS=' -version-info 19:0:1'
LIPO=''
LN_S='ln -s'
LTLIBOBJS=''
LT_SYS_LIBRARY_PATH=''
MAINT='#'
MAINTAINER_MODE_FALSE=''
MAINTAINER_MODE_TRUE='#'
MAKEINFO='${SHELL} /home/libsodium-1.0.10/build-aux/missing makeinfo'
MANIFEST_TOOL=':'
MINIMAL_FALSE=''
MINIMAL_TRUE='#'
MKDIR_P='/bin/mkdir -p'
NATIVECLIENT_FALSE=''
NATIVECLIENT_TRUE='#'
NM='/usr/bin/nm -B'
NMEDIT=''
OBJDUMP='objdump'
OBJEXT='o'
OTOOL64=''
OTOOL=''
PACKAGE='libsodium'
PACKAGE_BUGREPORT='https://github.com/jedisct1/libsodium/issues'
PACKAGE_NAME='libsodium'
PACKAGE_STRING='libsodium 1.0.10'
PACKAGE_TARNAME='libsodium'
PACKAGE_URL='https://github.com/jedisct1/libsodium'
PACKAGE_VERSION='1.0.10'
PATH_SEPARATOR=':'
RANLIB='ranlib'
SAFECODE_HOME=''
SED='/bin/sed'
SET_MAKE=''
SHELL='/bin/sh'
SODIUM_LIBRARY_VERSION='19:0:1'
SODIUM_LIBRARY_VERSION_MAJOR='9'
SODIUM_LIBRARY_VERSION_MINOR='2'
STRIP='strip'
TEST_LDFLAGS=''
VALGRIND=''
VALGRIND_CHECK_RULES='
VALGRIND_ENABLED='no'
VALGRIND_ENABLED_FALSE=''
VALGRIND_ENABLED_TRUE='#'
VALGRIND_HAVE_TOOL_drd=''
VALGRIND_HAVE_TOOL_exp_sgcheck=''
VALGRIND_HAVE_TOOL_helgrind=''
VALGRIND_HAVE_TOOL_memcheck=''
VERSION='1.0.10'
ac_ct_AR='ar'
ac_ct_CC='gcc'
ac_ct_DUMPBIN=''
am__EXEEXT_FALSE=''
am__EXEEXT_TRUE='#'
am__fastdepCCAS_FALSE='#'
am__fastdepCCAS_TRUE=''
am__fastdepCC_FALSE='#'
am__fastdepCC_TRUE=''
am__include='include'
am__isrc=''
am__leading_dot='.'
am__nodep='_no'
am__quote=''
am__tar='tar --format=ustar -chf - "$$tardir"'
am__untar='tar -xf -'
bindir='${exec_prefix}/bin'
build='x86_64-unknown-linux-gnu'
build_alias=''
build_cpu='x86_64'
build_os='linux-gnu'
build_vendor='unknown'
check-valgrind:
datadir='${datarootdir}'
datarootdir='${prefix}/share'
docdir='${datarootdir}/doc/${PACKAGE_TARNAME}'
dvidir='${docdir}'
exec_prefix='${prefix}'
host='x86_64-unknown-linux-gnu'
host_alias=''
host_cpu='x86_64'
host_os='linux-gnu'
host_vendor='unknown'
htmldir='${docdir}'
includedir='${prefix}/include'
infodir='${datarootdir}/info'
install_sh='${SHELL} /home/libsodium-1.0.10/build-aux/install-sh'
libdir='${exec_prefix}/lib'
libexecdir='${exec_prefix}/libexec'
localedir='${datarootdir}/locale'
localstatedir='${prefix}/var'
mandir='${datarootdir}/man'
mkdir_p='$(MKDIR_P)'
oldincludedir='/usr/include'
pdfdir='${docdir}'
prefix='/usr/local'
program_transform_name='s,x,x,'
psdir='${docdir}'
sbindir='${exec_prefix}/sbin'
sharedstatedir='${prefix}/com'
sysconfdir='${prefix}/etc'
target_alias=''

## ----------- ##
## confdefs.h. ##
## ----------- ##

/* confdefs.h */
#define PACKAGE_NAME "libsodium"
#define PACKAGE_TARNAME "libsodium"
#define PACKAGE_VERSION "1.0.10"
#define PACKAGE_STRING "libsodium 1.0.10"
#define PACKAGE_BUGREPORT "https://github.com/jedisct1/libsodium/issues"
#define PACKAGE_URL "https://github.com/jedisct1/libsodium"
#define PACKAGE "libsodium"
#define VERSION "1.0.10"
#define STDC_HEADERS 1
#define HAVE_SYS_TYPES_H 1
#define HAVE_SYS_STAT_H 1
#define HAVE_STDLIB_H 1
#define HAVE_STRING_H 1
#define HAVE_MEMORY_H 1
#define HAVE_STRINGS_H 1
#define HAVE_INTTYPES_H 1
#define HAVE_STDINT_H 1
#define HAVE_UNISTD_H 1
#define __EXTENSIONS__ 1
#define _ALL_SOURCE 1
#define _GNU_SOURCE 1
#define _POSIX_PTHREAD_SEMANTICS 1
#define _TANDEM_SOURCE 1
#define HAVE_DLFCN_H 1
#define LT_OBJDIR ".libs/"
#define HAVE_MMINTRIN_H 1
#define HAVE_EMMINTRIN_H 1
#define HAVE_PMMINTRIN_H 1
#define HAVE_TMMINTRIN_H 1
#define HAVE_SMMINTRIN_H 1
#define HAVE_AVXINTRIN_H 1
#define HAVE_WMMINTRIN_H 1
#define HAVE_SYS_MMAN_H 1
#define NATIVE_LITTLE_ENDIAN 1
#define HAVE_AMD64_ASM 1
#define HAVE_AVX_ASM 1
#define HAVE_TI_MODE 1
#define HAVE_CPUID 1
#define ASM_HIDE_SYMBOL .hidden
#define HAVE_WEAK_SYMBOLS 1
#define CPU_UNALIGNED_ACCESS 1
#define HAVE_MMAP 1
#define HAVE_MLOCK 1
#define HAVE_MADVISE 1
#define HAVE_MPROTECT 1
#define HAVE_POSIX_MEMALIGN 1
#define HAVE_GETPID 1

configure: exit 0
